\BOOKMARK [2][-]{section*.1}{\376\377\000I\000n\000f\000r\000a\000s\000t\000r\000u\000c\000t\000u\000r\000e}{}% 1
\BOOKMARK [3][-]{section*.2}{\376\377\000B\000a\000n\000d\000w\000i\000d\000t\000h\000\040\000v\000s\000\040\000L\000a\000t\000e\000n\000c\000y}{section*.1}% 2
\BOOKMARK [2][-]{section*.3}{\376\377\000M\000a\000p\000R\000e\000d\000u\000c\000e}{}% 3
\BOOKMARK [3][-]{section*.7}{\376\377\000G\000u\000i\000d\000e\000l\000i\000n\000e\000s\000\040\000f\000o\000r\000\040\000B\000a\000s\000i\000c\000\040\000A\000l\000g\000o\000r\000i\000t\000h\000m\000i\000c\000\040\000D\000e\000s\000i\000g\000n}{section*.3}% 4
\BOOKMARK [3][-]{section*.8}{\376\377\000S\000e\000c\000o\000n\000d\000a\000r\000y\000\040\000S\000o\000r\000t}{section*.3}% 5
\BOOKMARK [3][-]{section*.12}{\376\377\000R\000e\000l\000a\000t\000i\000o\000n\000a\000l\000\040\000D\000a\000t\000a\000b\000a\000s\000e\000s\000\040\000|\000|\000\040\000C\000S\0002\0001\0000\0002\000\040\000R\000e\000c\000a\000p}{section*.3}% 6
\BOOKMARK [3][-]{section*.13}{\376\377\000S\000i\000m\000i\000l\000a\000r\000i\000t\000y\000\040\000S\000e\000a\000r\000c\000h}{section*.3}% 7
\BOOKMARK [3][-]{section*.14}{\376\377\000e\000.\000g\000.\000\040\000F\000i\000n\000d\000i\000n\000g\000\040\000S\000i\000m\000i\000l\000a\000r\000\040\000D\000o\000c\000u\000m\000e\000n\000t\000s\000\040\000|\000|\000\040\000G\000o\000a\000l\000s}{section*.3}% 8
\BOOKMARK [3][-]{section*.15}{\376\377\000S\000t\000e\000p\000s\000\040\000f\000o\000r\000\040\000S\000i\000m\000i\000l\000a\000r\000\040\000D\000o\000c\000s}{section*.3}% 9
\BOOKMARK [3][-]{section*.16}{\376\377\000M\000i\000n\000H\000a\000s\000h\000\040\000O\000v\000e\000r\000v\000i\000e\000w}{section*.3}% 10
\BOOKMARK [3][-]{section*.17}{\376\377\000K\000-\000m\000e\000a\000n\000s\000\040\000a\000l\000g\000o\000r\000i\000t\000h\000m}{section*.3}% 11
\BOOKMARK [2][-]{section*.18}{\376\377\000T\000u\000t\000o\000r\000i\000a\000l\000\040\0001\000\040\000S\000u\000m\000m\000a\000r\000y}{}% 12
\BOOKMARK [2][-]{section*.19}{\376\377\000N\000o\000S\000Q\000L}{}% 13
\BOOKMARK [3][-]{section*.20}{\376\377\000T\000y\000p\000e\000s\000\040\000o\000f\000\040\000N\000o\000S\000Q\000L\000\040\000D\000a\000t\000a\000b\000a\000s\000e\000s}{section*.19}% 14
\BOOKMARK [3][-]{section*.21}{\376\377\000K\000e\000y\000-\000V\000a\000l\000u\000e\000\040\000S\000t\000o\000r\000e\000s\000\040\000\050\000R\000e\000d\000i\000s\000,\000\040\000D\000y\000n\000a\000m\000o\000D\000B\000\051}{section*.19}% 15
\BOOKMARK [3][-]{section*.22}{\376\377\000D\000o\000c\000u\000m\000e\000n\000t\000\040\000S\000t\000o\000r\000e\000s\000\040\000\050\000M\000o\000n\000g\000o\000D\000B\000,\000\040\000C\000o\000u\000c\000h\000D\000B\000\051}{section*.19}% 16
\BOOKMARK [3][-]{section*.23}{\376\377\000W\000i\000d\000e\000-\000C\000o\000l\000u\000m\000n\000\040\000S\000t\000o\000r\000e\000s\000\040\000\050\000B\000i\000g\000T\000a\000b\000l\000e\000,\000\040\000C\000a\000s\000s\000a\000n\000d\000r\000a\000,\000\040\000H\000B\000a\000s\000e\000\051}{section*.19}% 17
\BOOKMARK [3][-]{section*.24}{\376\377\000G\000r\000a\000p\000h\000\040\000D\000a\000t\000a\000b\000a\000s\000e\000s}{section*.19}% 18
\BOOKMARK [3][-]{section*.25}{\376\377\000V\000e\000c\000t\000o\000r\000\040\000D\000a\000t\000a\000b\000a\000s\000e\000s\000\040\000\050\000M\000i\000l\000v\000u\000s\000,\000\040\000R\000e\000d\000i\000s\000,\000\040\000W\000e\000a\000v\000i\000a\000t\000e\000,\000\040\000M\000o\000n\000g\000o\000D\000B\000\040\000A\000t\000l\000a\000s\000\051}{section*.19}% 19
\BOOKMARK [3][-]{section*.26}{\376\377\000S\000t\000r\000o\000n\000g\000\040\000v\000s\000\040\000E\000v\000e\000n\000t\000u\000a\000l\000\040\000C\000o\000n\000s\000i\000s\000t\000e\000n\000c\000y}{section*.19}% 20
\BOOKMARK [3][-]{section*.27}{\376\377\000A\000C\000I\000D\000\040\000v\000s\000\040\000B\000A\000S\000E}{section*.19}% 21
\BOOKMARK [3][-]{section*.28}{\376\377\000D\000u\000p\000l\000i\000c\000a\000t\000i\000o\000n}{section*.19}% 22
\BOOKMARK [3][-]{section*.35}{\376\377\000C\000o\000n\000s\000i\000s\000t\000e\000n\000t\000\040\000H\000a\000s\000h\000i\000n\000g}{section*.19}% 23
\BOOKMARK [2][-]{section*.40}{\376\377\000S\000p\000a\000r\000k\000\040\000M\000o\000t\000i\000v\000a\000t\000i\000o\000n}{}% 24
\BOOKMARK [3][-]{section*.41}{\376\377\000S\000p\000a\000r\000k\000\040\000C\000o\000m\000p\000o\000n\000e\000n\000t\000s\000\040\000a\000n\000d\000\040\000A\000r\000c\000h\000i\000t\000e\000c\000t\000u\000r\000e}{section*.40}% 25
\BOOKMARK [3][-]{section*.43}{\376\377\000S\000p\000a\000r\000k\000\040\000C\000a\000c\000h\000e}{section*.40}% 26
\BOOKMARK [3][-]{section*.44}{\376\377\000D\000i\000r\000e\000c\000t\000e\000d\000\040\000A\000c\000y\000c\000l\000i\000c\000\040\000G\000r\000a\000p\000h\000\040\000\050\000D\000A\000G\000\051}{section*.40}% 27
\BOOKMARK [3][-]{section*.45}{\376\377\000N\000a\000r\000r\000o\000w\000\040\000a\000n\000d\000\040\000W\000i\000d\000e\000\040\000D\000e\000p\000e\000n\000d\000e\000n\000c\000i\000e\000s}{section*.40}% 28
\BOOKMARK [3][-]{section*.46}{\376\377\000N\000a\000r\000r\000o\000w\000\040\000a\000n\000d\000\040\000W\000i\000d\000e\000\040\000D\000e\000p\000e\000n\000d\000e\000n\000c\000i\000e\000s}{section*.40}% 29
\BOOKMARK [3][-]{section*.47}{\376\377\000D\000a\000t\000a\000F\000r\000a\000m\000e\000s\000\040\000a\000n\000d\000\040\000D\000a\000t\000a\000s\000e\000t\000s}{section*.40}% 30
\BOOKMARK [3][-]{section*.48}{\376\377\000D\000a\000t\000a\000F\000r\000a\000m\000e\000s}{section*.40}% 31
\BOOKMARK [3][-]{section*.49}{\376\377\000D\000a\000t\000a\000s\000e\000t\000s}{section*.40}% 32
\BOOKMARK [3][-]{section*.54}{\376\377\000T\000y\000p\000i\000c\000a\000l\000\040\000M\000a\000c\000h\000i\000n\000e\000\040\000L\000e\000a\000r\000n\000i\000n\000g\000\040\000P\000i\000p\000e\000l\000i\000n\000e}{section*.40}% 33
\BOOKMARK [3][-]{section*.63}{\376\377\000T\000r\000u\000e\000/\000F\000a\000l\000s\000e\000\040\000P\000o\000s\000i\000t\000i\000v\000e\000s\000/\000N\000e\000g\000a\000t\000i\000v\000e\000s}{section*.40}% 34
\BOOKMARK [3][-]{section*.64}{\376\377\000E\000v\000a\000l\000u\000a\000t\000i\000o\000n\000\040\000M\000e\000t\000r\000i\000c\000s}{section*.40}% 35
\BOOKMARK [2][-]{section*.66}{\376\377\000M\000a\000c\000h\000i\000n\000e\000\040\000L\000e\000a\000r\000n\000i\000n\000g\000\040\000P\000i\000p\000e\000l\000i\000n\000e\000s}{}% 36
\BOOKMARK [3][-]{section*.72}{\376\377\000E\000x\000a\000m\000p\000l\000e\000s\000:}{section*.66}% 37
\BOOKMARK [3][-]{section*.73}{\376\377\000S\000t\000a\000t\000e\000f\000u\000l\000\040\000S\000t\000r\000e\000a\000m\000\040\000P\000r\000o\000c\000e\000s\000s\000i\000n\000g}{section*.66}% 38
\BOOKMARK [3][-]{section*.74}{\376\377\000M\000i\000c\000r\000o\000-\000B\000a\000t\000c\000h\000\040\000S\000t\000r\000e\000a\000m\000\040\000P\000r\000o\000c\000e\000s\000s\000i\000n\000g}{section*.66}% 39
\BOOKMARK [3][-]{section*.75}{\376\377\000P\000h\000i\000l\000o\000s\000o\000p\000h\000y\000\040\000o\000f\000\040\000S\000t\000r\000u\000c\000t\000u\000r\000e\000d\000\040\000S\000t\000r\000e\000a\000m\000i\000n\000g}{section*.66}% 40
\BOOKMARK [3][-]{section*.76}{\376\377\000D\000e\000f\000i\000n\000i\000n\000g\000\040\000a\000\040\000S\000t\000r\000e\000a\000m\000i\000n\000g\000\040\000Q\000u\000e\000r\000y}{section*.66}% 41
\BOOKMARK [3][-]{section*.77}{\376\377\000D\000a\000t\000a\000\040\000T\000r\000a\000n\000s\000f\000o\000r\000m\000a\000t\000i\000o\000n}{section*.66}% 42
\BOOKMARK [3][-]{section*.78}{\376\377\000D\000i\000s\000t\000r\000i\000b\000u\000t\000e\000d\000\040\000S\000t\000a\000t\000e\000\040\000M\000a\000n\000a\000g\000e\000m\000e\000n\000t\000\040\000i\000n\000\040\000S\000t\000r\000u\000c\000t\000u\000r\000e\000d\000\040\000S\000t\000r\000e\000a\000m\000i\000n\000g}{section*.66}% 43
\BOOKMARK [3][-]{section*.79}{\376\377\000S\000t\000a\000t\000e\000f\000u\000l\000\040\000S\000t\000r\000e\000a\000m\000i\000n\000g\000\040\000A\000g\000g\000r\000e\000g\000a\000t\000i\000o\000n}{section*.66}% 44
\BOOKMARK [3][-]{section*.80}{\376\377\000T\000i\000m\000e\000\040\000S\000e\000m\000a\000n\000t\000i\000c\000s}{section*.66}% 45
\BOOKMARK [3][-]{section*.81}{\376\377\000A\000g\000g\000r\000e\000g\000a\000t\000i\000o\000n\000s\000\040\000w\000i\000t\000h\000\040\000E\000v\000e\000n\000t\000-\000T\000i\000m\000e\000\040\000W\000i\000n\000d\000o\000w\000s}{section*.66}% 46
\BOOKMARK [3][-]{section*.82}{\376\377\000P\000e\000r\000f\000o\000r\000m\000a\000n\000c\000e\000\040\000T\000u\000n\000i\000n\000g}{section*.66}% 47
\BOOKMARK [2][-]{section*.83}{\376\377\000F\000l\000i\000n\000k\000\040\000|\000\040\000S\000t\000r\000e\000a\000m\000\040\000N\000a\000t\000i\000v\000e\000\040\000P\000r\000o\000c\000e\000s\000s\000i\000n\000g\000!}{}% 48
\BOOKMARK [3][-]{section*.84}{\376\377\000D\000a\000t\000a\000f\000l\000o\000w\000\040\000M\000o\000d\000e\000l}{section*.83}% 49
\BOOKMARK [3][-]{section*.85}{\376\377\000F\000l\000i\000n\000k\000\040\000S\000y\000s\000t\000e\000m\000\040\000A\000r\000c\000h\000i\000t\000e\000c\000t\000u\000r\000e}{section*.83}% 50
\BOOKMARK [3][-]{section*.86}{\376\377\000T\000a\000s\000k\000\040\000E\000x\000e\000c\000u\000t\000i\000o\000n}{section*.83}% 51
\BOOKMARK [3][-]{section*.87}{\376\377\000D\000a\000t\000a\000\040\000T\000r\000a\000n\000s\000f\000e\000r\000\040\000i\000n\000\040\000F\000l\000i\000n\000k}{section*.83}% 52
\BOOKMARK [3][-]{section*.88}{\376\377\000E\000v\000e\000n\000t\000\040\000T\000i\000m\000e\000\040\000P\000r\000o\000c\000e\000s\000s\000i\000n\000g}{section*.83}% 53
\BOOKMARK [3][-]{section*.89}{\376\377\000S\000t\000a\000t\000e\000\040\000M\000a\000n\000a\000g\000e\000m\000e\000n\000t}{section*.83}% 54
\BOOKMARK [3][-]{section*.90}{\376\377\000C\000h\000e\000c\000k\000p\000o\000i\000n\000t\000s}{section*.83}% 55
\BOOKMARK [3][-]{section*.91}{\376\377\000S\000p\000a\000r\000k\000\040\000v\000s\000\040\000F\000l\000i\000n\000k}{section*.83}% 56
\BOOKMARK [2][-]{section*.92}{\376\377\000G\000r\000a\000p\000h\000s}{}% 57
\BOOKMARK [3][-]{section*.94}{\376\377\000L\000i\000n\000k\000s\000\040\000a\000s\000\040\000v\000o\000t\000e\000s}{section*.92}% 58
\BOOKMARK [3][-]{section*.95}{\376\377\000V\000o\000t\000i\000n\000g\000\040\000f\000o\000r\000m\000u\000l\000a}{section*.92}% 59
\BOOKMARK [3][-]{section*.96}{\376\377\000M\000a\000t\000r\000i\000x\000\040\000f\000o\000r\000m\000u\000l\000a}{section*.92}% 60
\BOOKMARK [3][-]{section*.99}{\376\377\000P\000a\000g\000e\000R\000a\000n\000k\000\040\000w\000i\000t\000h\000\040\000T\000e\000l\000e\000p\000o\000r\000t\000s}{section*.92}% 61
\BOOKMARK [3][-]{section*.100}{\376\377\000T\000o\000p\000i\000c\000-\000S\000p\000e\000c\000i\000f\000i\000c\000\040\000P\000a\000g\000e\000R\000a\000n\000k}{section*.92}% 62
\BOOKMARK [3][-]{section*.101}{\376\377\000P\000a\000g\000e\000R\000a\000n\000k\000\040\000I\000m\000p\000l\000e\000m\000e\000n\000t\000a\000t\000i\000o\000n}{section*.92}% 63
\BOOKMARK [3][-]{section*.102}{\376\377\000C\000h\000a\000r\000a\000c\000t\000e\000r\000i\000s\000t\000i\000c\000s\000\040\000o\000f\000\040\000G\000r\000a\000p\000h\000\040\000A\000l\000g\000o\000r\000i\000t\000h\000m\000s}{section*.92}% 64
\BOOKMARK [3][-]{section*.103}{\376\377\000P\000r\000e\000g\000e\000l\000:\000\040\000C\000o\000m\000p\000u\000t\000a\000t\000i\000o\000n\000a\000l\000\040\000M\000o\000d\000e\000l}{section*.92}% 65
\BOOKMARK [3][-]{section*.104}{\376\377\000O\000t\000h\000e\000r\000\040\000G\000r\000a\000p\000h\000\040\000P\000r\000o\000c\000e\000s\000s\000i\000n\000g\000\040\000P\000r\000o\000j\000e\000c\000t\000s}{section*.92}% 66
\BOOKMARK [3][-]{section*.105}{\376\377\000P\000r\000e\000g\000e\000l\000:\000\040\000I\000m\000p\000l\000e\000m\000e\000n\000t\000a\000t\000i\000o\000n}{section*.92}% 67
\BOOKMARK [1][-]{section*.106}{\376\377\000P\000Y\000P\000\040\000S\000u\000m\000m\000a\000r\000i\000e\000s}{}% 68
\BOOKMARK [2][-]{section*.116}{\376\377\000A\000.\000\040\000N\000o\000S\000Q\000L\000\040\000d\000e\000n\000o\000r\000m\000a\000l\000i\000z\000a\000t\000i\000o\000n}{section*.106}% 69
\BOOKMARK [3][-]{section*.117}{\376\377\000B\000.\000\040\000S\000p\000a\000r\000k\000\040\000D\000A\000G}{section*.116}% 70
\BOOKMARK [3][-]{section*.118}{\376\377\000C\000.\000\040\000C\000a\000t\000a\000l\000y\000s\000t\000\040\000O\000p\000t\000i\000m\000i\000z\000e\000r\000\040\000i\000n\000\040\000d\000i\000f\000f\000e\000r\000e\000n\000t\000\040\000l\000a\000n\000g\000u\000a\000g\000e\000s}{section*.116}% 71
\BOOKMARK [3][-]{section*.119}{\376\377\000D\000.\000\040\000P\000r\000e\000g\000e\000l\000\040\000w\000o\000r\000k\000e\000r\000s\000\040\000u\000p\000d\000a\000t\000e\000\040\000v\000e\000r\000t\000i\000c\000e\000s\000\040\000i\000n\000\040\000t\000h\000e\000\040\000s\000a\000m\000e\000\040\000w\000o\000r\000k\000e\000r\000\040\000o\000n\000l\000y}{section*.116}% 72
\BOOKMARK [3][-]{section*.120}{\376\377\000E\000.\000\040\000A\000l\000w\000a\000y\000s\000\040\000p\000u\000t\000\040\000d\000a\000t\000a\000\040\000i\000n\000t\000o\000\040\000D\000R\000A\000M\000,\000\040\000s\000i\000n\000c\000e\000\040\000f\000a\000s\000t\000e\000r}{section*.116}% 73
\BOOKMARK [3][-]{section*.121}{\376\377\000F\000.\000\040\000U\000n\000d\000i\000r\000e\000c\000t\000e\000d\000\040\000G\000r\000a\000p\000h\000\040\000P\000a\000g\000e\000R\000a\000n\000k\000,\000\040\000n\000o\000\040\000s\000p\000i\000d\000e\000r\000-\000t\000r\000a\000p\000s\000?}{section*.116}% 74
\BOOKMARK [3][-]{section*.125}{\376\377\000G\000r\000a\000d\000i\000e\000n\000t\000\040\000D\000e\000s\000c\000e\000n\000t\000\040\000\050\000o\000p\000t\000i\000o\000n\000a\000l\000\051}{section*.116}% 75
\BOOKMARK [1][-]{section*.126}{\376\377\000T\000u\000t\000o\000r\000i\000a\000l\000\040\0002\000\040\000|\000\040\000S\000u\000m\000m\000a\000r\000y}{}% 76
\BOOKMARK [1][-]{section*.129}{\376\377\000T\000u\000t\000o\000r\000i\000a\000l\000\040\0003\000\040\000|\000\040\000S\000u\000m\000m\000a\000r\000y}{}% 77
\BOOKMARK [2][-]{section*.130}{\376\377\000S\000p\000a\000r\000k\000\040\000m\000o\000r\000e\000\040\000i\000t\000e\000r\000a\000t\000i\000v\000e\000\040\000t\000h\000a\000n\000\040\000H\000a\000d\000o\000o\000p}{section*.129}% 78
\BOOKMARK [1][-]{section*.133}{\376\377\000T\000u\000t\000o\000r\000i\000a\000l\000\040\0005\000\040\000|\000\040\000S\000u\000m\000m\000a\000r\000y}{}% 79
