This is pdfTeX, Version 3.14159265-2.6-1.40.20 (TeX Live 2019/Debian) (preloaded format=pdflatex 2023.1.11)  9 APR 2023 15:54
entering extended mode
 restricted \write18 enabled.
 file:line:error style messages enabled.
 %&-line parsing enabled.
**/home/jasony/Repositories/schoolRepos/school/Y2S2/CS2107/cs2107-cheatsheet.tex
(/home/jasony/Repositories/schoolRepos/school/Y2S2/CS2107/cs2107-cheatsheet.tex
LaTeX2e <2020-02-02> patch level 2
L3 programming layer <2020-02-14> (/usr/share/texlive/texmf-dist/tex/latex/base/article.cls
Document Class: article 2019/12/20 v1.4l Standard LaTeX document class
(/usr/share/texlive/texmf-dist/tex/latex/base/size10.clo
File: size10.clo 2019/12/20 v1.4l Standard LaTeX file (size option)
)
\c@part=\count167
\c@section=\count168
\c@subsection=\count169
\c@subsubsection=\count170
\c@paragraph=\count171
\c@subparagraph=\count172
\c@figure=\count173
\c@table=\count174
\abovecaptionskip=\skip47
\belowcaptionskip=\skip48
\bibindent=\dimen134
) (/usr/share/texlive/texmf-dist/tex/latex/amsfonts/amssymb.sty
Package: amssymb 2013/01/14 v3.01 AMS font symbols
 (/usr/share/texlive/texmf-dist/tex/latex/amsfonts/amsfonts.sty
Package: amsfonts 2013/01/14 v3.01 Basic AMSFonts support
\@emptytoks=\toks14
\symAMSa=\mathgroup4
\symAMSb=\mathgroup5
LaTeX Font Info:    Redeclaring math symbol \hbar on input line 98.
LaTeX Font Info:    Overwriting math alphabet `\mathfrak' in version `bold'
(Font)                  U/euf/m/n --> U/euf/b/n on input line 106.
)) (/usr/share/texlive/texmf-dist/tex/latex/amsmath/amsmath.sty
Package: amsmath 2020/01/20 v2.17e AMS math features
\@mathmargin=\skip49

For additional information on amsmath, use the `?' option.
(/usr/share/texlive/texmf-dist/tex/latex/amsmath/amstext.sty
Package: amstext 2000/06/29 v2.01 AMS text
 (/usr/share/texlive/texmf-dist/tex/latex/amsmath/amsgen.sty
File: amsgen.sty 1999/11/30 v2.0 generic functions
\@emptytoks=\toks15
\ex@=\dimen135
)) (/usr/share/texlive/texmf-dist/tex/latex/amsmath/amsbsy.sty
Package: amsbsy 1999/11/29 v1.2d Bold Symbols
\pmbraise@=\dimen136
) (/usr/share/texlive/texmf-dist/tex/latex/amsmath/amsopn.sty
Package: amsopn 2016/03/08 v2.02 operator names
)
\inf@bad=\count175
LaTeX Info: Redefining \frac on input line 227.
\uproot@=\count176
\leftroot@=\count177
LaTeX Info: Redefining \overline on input line 389.
\classnum@=\count178
\DOTSCASE@=\count179
LaTeX Info: Redefining \ldots on input line 486.
LaTeX Info: Redefining \dots on input line 489.
LaTeX Info: Redefining \cdots on input line 610.
\Mathstrutbox@=\box45
\strutbox@=\box46
\big@size=\dimen137
LaTeX Font Info:    Redeclaring font encoding OML on input line 733.
LaTeX Font Info:    Redeclaring font encoding OMS on input line 734.
\macc@depth=\count180
\c@MaxMatrixCols=\count181
\dotsspace@=\muskip16
\c@parentequation=\count182
\dspbrk@lvl=\count183
\tag@help=\toks16
\row@=\count184
\column@=\count185
\maxfields@=\count186
\andhelp@=\toks17
\eqnshift@=\dimen138
\alignsep@=\dimen139
\tagshift@=\dimen140
\tagwidth@=\dimen141
\totwidth@=\dimen142
\lineht@=\dimen143
\@envbody=\toks18
\multlinegap=\skip50
\multlinetaggap=\skip51
\mathdisplay@stack=\toks19
LaTeX Info: Redefining \[ on input line 2859.
LaTeX Info: Redefining \] on input line 2860.
) (/usr/share/texlive/texmf-dist/tex/latex/amscls/amsthm.sty
Package: amsthm 2017/10/31 v2.20.4
\thm@style=\toks20
\thm@bodyfont=\toks21
\thm@headfont=\toks22
\thm@notefont=\toks23
\thm@headpunct=\toks24
\thm@preskip=\skip52
\thm@postskip=\skip53
\thm@headsep=\skip54
\dth@everypar=\toks25
) (/usr/share/texlive/texmf-dist/tex/latex/tools/multicol.sty
Package: multicol 2019/12/09 v1.8y multicolumn formatting (FMi)
\c@tracingmulticols=\count187
\mult@box=\box47
\multicol@leftmargin=\dimen144
\c@unbalance=\count188
\c@collectmore=\count189
\doublecol@number=\count190
\multicoltolerance=\count191
\multicolpretolerance=\count192
\full@width=\dimen145
\page@free=\dimen146
\premulticols=\dimen147
\postmulticols=\dimen148
\multicolsep=\skip55
\multicolbaselineskip=\skip56
\partial@page=\box48
\last@line=\box49
\maxbalancingoverflow=\dimen149
\mult@rightbox=\box50
\mult@grightbox=\box51
\mult@gfirstbox=\box52
\mult@firstbox=\box53
\@tempa=\box54
\@tempa=\box55
\@tempa=\box56
\@tempa=\box57
\@tempa=\box58
\@tempa=\box59
\@tempa=\box60
\@tempa=\box61
\@tempa=\box62
\@tempa=\box63
\@tempa=\box64
\@tempa=\box65
\@tempa=\box66
\@tempa=\box67
\@tempa=\box68
\@tempa=\box69
\@tempa=\box70
\@tempa=\box71
\@tempa=\box72
\@tempa=\box73
\@tempa=\box74
\@tempa=\box75
\@tempa=\box76
\@tempa=\box77
\@tempa=\box78
\@tempa=\box79
\@tempa=\box80
\@tempa=\box81
\@tempa=\box82
\@tempa=\box83
\@tempa=\box84
\@tempa=\box85
\@tempa=\box86
\@tempa=\box87
\@tempa=\box88
\@tempa=\box89
\@tempa=\box90
\c@minrows=\count193
\c@columnbadness=\count194
\c@finalcolumnbadness=\count195
\last@try=\dimen150
\multicolovershoot=\dimen151
\multicolundershoot=\dimen152
\mult@nat@firstbox=\box91
\colbreak@box=\box92
\mc@col@check@num=\count196
) (/usr/share/texlive/texmf-dist/tex/latex/multirow/multirow.sty
Package: multirow 2019/05/31 v2.5 Span multiple rows of a table
\multirow@colwidth=\skip57
\multirow@cntb=\count197
\multirow@dima=\skip58
\bigstrutjot=\dimen153
) (/usr/share/texlive/texmf-dist/tex/latex/tools/calc.sty
Package: calc 2017/05/25 v4.3 Infix arithmetic (KKT,FJ)
\calc@Acount=\count198
\calc@Bcount=\count199
\calc@Adimen=\dimen154
\calc@Bdimen=\dimen155
\calc@Askip=\skip59
\calc@Bskip=\skip60
LaTeX Info: Redefining \setlength on input line 80.
LaTeX Info: Redefining \addtolength on input line 81.
\calc@Ccount=\count266
\calc@Cskip=\skip61
) (/usr/share/texlive/texmf-dist/tex/latex/base/ifthen.sty
Package: ifthen 2014/09/29 v1.1c Standard LaTeX ifthen package (DPC)
) (/usr/share/texlive/texmf-dist/tex/latex/graphics/graphicx.sty
Package: graphicx 2019/11/30 v1.2a Enhanced LaTeX Graphics (DPC,SPQR)
 (/usr/share/texlive/texmf-dist/tex/latex/graphics/keyval.sty
Package: keyval 2014/10/28 v1.15 key=value parser (DPC)
\KV@toks@=\toks26
) (/usr/share/texlive/texmf-dist/tex/latex/graphics/graphics.sty
Package: graphics 2019/11/30 v1.4a Standard LaTeX Graphics (DPC,SPQR)
 (/usr/share/texlive/texmf-dist/tex/latex/graphics/trig.sty
Package: trig 2016/01/03 v1.10 sin cos tan (DPC)
) (/usr/share/texlive/texmf-dist/tex/latex/graphics-cfg/graphics.cfg
File: graphics.cfg 2016/06/04 v1.11 sample graphics configuration
)
Package graphics Info: Driver file: pdftex.def on input line 105.
 (/usr/share/texlive/texmf-dist/tex/latex/graphics-def/pdftex.def
File: pdftex.def 2018/01/08 v1.0l Graphics/color driver for pdftex
))
\Gin@req@height=\dimen156
\Gin@req@width=\dimen157
) (/usr/share/texlive/texmf-dist/tex/latex/xcolor/xcolor.sty
Package: xcolor 2016/05/11 v2.12 LaTeX color extensions (UK)
 (/usr/share/texlive/texmf-dist/tex/latex/graphics-cfg/color.cfg
File: color.cfg 2016/01/02 v1.6 sample color configuration
)
Package xcolor Info: Driver file: pdftex.def on input line 225.
Package xcolor Info: Model `cmy' substituted by `cmy0' on input line 1348.
Package xcolor Info: Model `hsb' substituted by `rgb' on input line 1352.
Package xcolor Info: Model `RGB' extended on input line 1364.
Package xcolor Info: Model `HTML' substituted by `rgb' on input line 1366.
Package xcolor Info: Model `Hsb' substituted by `hsb' on input line 1367.
Package xcolor Info: Model `tHsb' substituted by `hsb' on input line 1368.
Package xcolor Info: Model `HSB' substituted by `hsb' on input line 1369.
Package xcolor Info: Model `Gray' substituted by `gray' on input line 1370.
Package xcolor Info: Model `wave' substituted by `hsb' on input line 1371.
) (/usr/share/texlive/texmf-dist/tex/latex/base/inputenc.sty
Package: inputenc 2018/08/11 v1.3c Input encoding file
\inpenc@prehook=\toks27
\inpenc@posthook=\toks28
) (/usr/share/texlive/texmf-dist/tex/latex/enumitem/enumitem.sty
Package: enumitem 2019/06/20 v3.9 Customized lists
\labelindent=\skip62
\enit@outerparindent=\dimen158
\enit@toks=\toks29
\enit@inbox=\box93
\enit@count@id=\count267
\enitdp@description=\count268
) (/usr/share/texlive/texmf-dist/tex/latex/listings/listings.sty
\lst@mode=\count269
\lst@gtempboxa=\box94
\lst@token=\toks30
\lst@length=\count270
\lst@currlwidth=\dimen159
\lst@column=\count271
\lst@pos=\count272
\lst@lostspace=\dimen160
\lst@width=\dimen161
\lst@newlines=\count273
\lst@lineno=\count274
\lst@maxwidth=\dimen162
 (/usr/share/texlive/texmf-dist/tex/latex/listings/lstmisc.sty
File: lstmisc.sty 2019/09/10 1.8c (Carsten Heinz)
\c@lstnumber=\count275
\lst@skipnumbers=\count276
\lst@framebox=\box95
) (/usr/share/texlive/texmf-dist/tex/latex/listings/listings.cfg
File: listings.cfg 2019/09/10 1.8c listings configuration
))
Package: listings 2019/09/10 1.8c (Carsten Heinz)
 (/usr/share/texlive/texmf-dist/tex/latex/geometry/geometry.sty
Package: geometry 2020/01/02 v5.9 Page Geometry
 (/usr/share/texlive/texmf-dist/tex/generic/iftex/ifvtex.sty
Package: ifvtex 2019/10/25 v1.7 ifvtex legacy package. Use iftex instead.
 (/usr/share/texlive/texmf-dist/tex/generic/iftex/iftex.sty
Package: iftex 2019/11/07 v1.0c TeX engine tests
))
\Gm@cnth=\count277
\Gm@cntv=\count278
\c@Gm@tempcnt=\count279
\Gm@bindingoffset=\dimen163
\Gm@wd@mp=\dimen164
\Gm@odd@mp=\dimen165
\Gm@even@mp=\dimen166
\Gm@layoutwidth=\dimen167
\Gm@layoutheight=\dimen168
\Gm@layouthoffset=\dimen169
\Gm@layoutvoffset=\dimen170
\Gm@dimlist=\toks31
) (/usr/share/texlive/texmf-dist/tex/latex/hyperref/hyperref.sty
Package: hyperref 2020/01/14 v7.00d Hypertext links for LaTeX
 (/usr/share/texlive/texmf-dist/tex/generic/ltxcmds/ltxcmds.sty
Package: ltxcmds 2019/12/15 v1.24 LaTeX kernel commands for general use (HO)
) (/usr/share/texlive/texmf-dist/tex/latex/pdftexcmds/pdftexcmds.sty
Package: pdftexcmds 2019/11/24 v0.31 Utility functions of pdfTeX for LuaTeX (HO)
 (/usr/share/texlive/texmf-dist/tex/generic/infwarerr/infwarerr.sty
Package: infwarerr 2019/12/03 v1.5 Providing info/warning/error messages (HO)
)
Package pdftexcmds Info: \pdf@primitive is available.
Package pdftexcmds Info: \pdf@ifprimitive is available.
Package pdftexcmds Info: \pdfdraftmode found.
) (/usr/share/texlive/texmf-dist/tex/generic/kvsetkeys/kvsetkeys.sty
Package: kvsetkeys 2019/12/15 v1.18 Key value parser (HO)
) (/usr/share/texlive/texmf-dist/tex/generic/kvdefinekeys/kvdefinekeys.sty
Package: kvdefinekeys 2019-12-19 v1.6 Define keys (HO)
) (/usr/share/texlive/texmf-dist/tex/generic/pdfescape/pdfescape.sty
Package: pdfescape 2019/12/09 v1.15 Implements pdfTeX's escape features (HO)
) (/usr/share/texlive/texmf-dist/tex/latex/hycolor/hycolor.sty
Package: hycolor 2020-01-27 v1.10 Color options for hyperref/bookmark (HO)
) (/usr/share/texlive/texmf-dist/tex/latex/letltxmacro/letltxmacro.sty
Package: letltxmacro 2019/12/03 v1.6 Let assignment for LaTeX macros (HO)
) (/usr/share/texlive/texmf-dist/tex/latex/auxhook/auxhook.sty
Package: auxhook 2019-12-17 v1.6 Hooks for auxiliary files (HO)
) (/usr/share/texlive/texmf-dist/tex/latex/kvoptions/kvoptions.sty
Package: kvoptions 2019/11/29 v3.13 Key value format for package options (HO)
)
\@linkdim=\dimen171
\Hy@linkcounter=\count280
\Hy@pagecounter=\count281
 (/usr/share/texlive/texmf-dist/tex/latex/hyperref/pd1enc.def
File: pd1enc.def 2020/01/14 v7.00d Hyperref: PDFDocEncoding definition (HO)
Now handling font encoding PD1 ...
... no UTF-8 mapping file for font encoding PD1
) (/usr/share/texlive/texmf-dist/tex/generic/intcalc/intcalc.sty
Package: intcalc 2019/12/15 v1.3 Expandable calculations with integers (HO)
) (/usr/share/texlive/texmf-dist/tex/generic/etexcmds/etexcmds.sty
Package: etexcmds 2019/12/15 v1.7 Avoid name clashes with e-TeX commands (HO)
)
\Hy@SavedSpaceFactor=\count282
\pdfmajorversion=\count283
Package hyperref Info: Option `colorlinks' set `true' on input line 4421.
Package hyperref Info: Hyper figures OFF on input line 4547.
Package hyperref Info: Link nesting OFF on input line 4552.
Package hyperref Info: Hyper index ON on input line 4555.
Package hyperref Info: Plain pages OFF on input line 4562.
Package hyperref Info: Backreferencing OFF on input line 4567.
Package hyperref Info: Implicit mode ON; LaTeX internals redefined.
Package hyperref Info: Bookmarks ON on input line 4800.
\c@Hy@tempcnt=\count284
 (/usr/share/texlive/texmf-dist/tex/latex/url/url.sty
\Urlmuskip=\muskip17
Package: url 2013/09/16  ver 3.4  Verb mode for urls, etc.
)
LaTeX Info: Redefining \url on input line 5159.
\XeTeXLinkMargin=\dimen172
 (/usr/share/texlive/texmf-dist/tex/generic/bitset/bitset.sty
Package: bitset 2019/12/09 v1.3 Handle bit-vector datatype (HO)
 (/usr/share/texlive/texmf-dist/tex/generic/bigintcalc/bigintcalc.sty
Package: bigintcalc 2019/12/15 v1.5 Expandable calculations on big integers (HO)
))
\Fld@menulength=\count285
\Field@Width=\dimen173
\Fld@charsize=\dimen174
Package hyperref Info: Hyper figures OFF on input line 6430.
Package hyperref Info: Link nesting OFF on input line 6435.
Package hyperref Info: Hyper index ON on input line 6438.
Package hyperref Info: backreferencing OFF on input line 6445.
Package hyperref Info: Link coloring ON on input line 6448.
Package hyperref Info: Link coloring with OCG OFF on input line 6455.
Package hyperref Info: PDF/A mode OFF on input line 6460.
LaTeX Info: Redefining \ref on input line 6500.
LaTeX Info: Redefining \pageref on input line 6504.
 (/usr/share/texlive/texmf-dist/tex/generic/atbegshi/atbegshi.sty
Package: atbegshi 2019/12/05 v1.19 At begin shipout hook (HO)
)
\Hy@abspage=\count286
\c@Item=\count287
\c@Hfootnote=\count288
)
Package hyperref Info: Driver (autodetected): hpdftex.
 (/usr/share/texlive/texmf-dist/tex/latex/hyperref/hpdftex.def
File: hpdftex.def 2020/01/14 v7.00d Hyperref driver for pdfTeX
 (/usr/share/texlive/texmf-dist/tex/latex/atveryend/atveryend.sty
Package: atveryend 2019-12-11 v1.11 Hooks at the very end of document (HO)
Package atveryend Info: \enddocument detected (standard20110627).
)
\Fld@listcount=\count289
\c@bookmark@seq@number=\count290
 (/usr/share/texlive/texmf-dist/tex/latex/rerunfilecheck/rerunfilecheck.sty
Package: rerunfilecheck 2019/12/05 v1.9 Rerun checks for auxiliary files (HO)
 (/usr/share/texlive/texmf-dist/tex/generic/uniquecounter/uniquecounter.sty
Package: uniquecounter 2019/12/15 v1.4 Provide unlimited unique counter (HO)
)
Package uniquecounter Info: New unique counter `rerunfilecheck' on input line 286.
)
\Hy@SectionHShift=\skip63
) (/usr/share/texlive/texmf-dist/tex/latex/fancyhdr/fancyhdr.sty
Package: fancyhdr 2019/01/31 v3.10 Extensive control of page headers and footers
\f@nch@headwidth=\skip64
\f@nch@O@elh=\skip65
\f@nch@O@erh=\skip66
\f@nch@O@olh=\skip67
\f@nch@O@orh=\skip68
\f@nch@O@elf=\skip69
\f@nch@O@erf=\skip70
\f@nch@O@olf=\skip71
\f@nch@O@orf=\skip72
) (/usr/share/texlive/texmf-dist/tex/latex/l3backend/l3backend-pdfmode.def
File: l3backend-pdfmode.def 2020-02-03 L3 backend support: PDF mode
\l__kernel_color_stack_int=\count291
\l__pdf_internal_box=\box96
) (/home/jasony/Repositories/schoolRepos/school/Y2S2/CS2107/cs2107-cheatsheet.aux)
\openout1 = `cs2107-cheatsheet.aux'.

LaTeX Font Info:    Checking defaults for OML/cmm/m/it on input line 43.
LaTeX Font Info:    ... okay on input line 43.
LaTeX Font Info:    Checking defaults for OMS/cmsy/m/n on input line 43.
LaTeX Font Info:    ... okay on input line 43.
LaTeX Font Info:    Checking defaults for OT1/cmr/m/n on input line 43.
LaTeX Font Info:    ... okay on input line 43.
LaTeX Font Info:    Checking defaults for T1/cmr/m/n on input line 43.
LaTeX Font Info:    ... okay on input line 43.
LaTeX Font Info:    Checking defaults for TS1/cmr/m/n on input line 43.
LaTeX Font Info:    ... okay on input line 43.
LaTeX Font Info:    Checking defaults for OMX/cmex/m/n on input line 43.
LaTeX Font Info:    ... okay on input line 43.
LaTeX Font Info:    Checking defaults for U/cmr/m/n on input line 43.
LaTeX Font Info:    ... okay on input line 43.
LaTeX Font Info:    Checking defaults for PD1/pdf/m/n on input line 43.
LaTeX Font Info:    ... okay on input line 43.
 (/usr/share/texlive/texmf-dist/tex/context/base/mkii/supp-pdf.mkii
[Loading MPS to PDF converter (version 2006.09.02).]
\scratchcounter=\count292
\scratchdimen=\dimen175
\scratchbox=\box97
\nofMPsegments=\count293
\nofMParguments=\count294
\everyMPshowfont=\toks32
\MPscratchCnt=\count295
\MPscratchDim=\dimen176
\MPnumerator=\count296
\makeMPintoPDFobject=\count297
\everyMPtoPDFconversion=\toks33
) (/usr/share/texlive/texmf-dist/tex/latex/epstopdf-pkg/epstopdf-base.sty
Package: epstopdf-base 2020-01-24 v2.11 Base part for package epstopdf
Package epstopdf-base Info: Redefining graphics rule for `.eps' on input line 485.
 (/usr/share/texlive/texmf-dist/tex/latex/latexconfig/epstopdf-sys.cfg
File: epstopdf-sys.cfg 2010/07/13 v1.3 Configuration of (r)epstopdf for TeX Live
))
\c@lstlisting=\count298

*geometry* driver: auto-detecting
*geometry* detected driver: pdftex
*geometry* verbose mode - [ preamble ] result:
* driver: pdftex
* paper: <default>
* layout: <same size as paper>
* layoutoffset:(h,v)=(0.0pt,0.0pt)
* modes: landscape 
* h-part:(L,W,R)=(18.06749pt, 758.835pt, 18.06749pt)
* v-part:(T,H,B)=(18.06749pt, 578.16002pt, 18.06749pt)
* \paperwidth=794.96999pt
* \paperheight=614.295pt
* \textwidth=758.835pt
* \textheight=578.16002pt
* \oddsidemargin=-54.2025pt
* \evensidemargin=-54.2025pt
* \topmargin=-91.2025pt
* \headheight=12.0pt
* \headsep=25.0pt
* \topskip=10.0pt
* \footskip=30.0pt
* \marginparwidth=144.0pt
* \marginparsep=11.0pt
* \columnsep=10.0pt
* \skip\footins=9.0pt plus 4.0pt minus 2.0pt
* \hoffset=0.0pt
* \voffset=0.0pt
* \mag=1000
* \@twocolumnfalse
* \@twosidefalse
* \@mparswitchfalse
* \@reversemarginfalse
* (1in=72.27pt=25.4mm, 1cm=28.453pt)

\AtBeginShipoutBox=\box98
Package hyperref Info: Link coloring ON on input line 43.
(/usr/share/texlive/texmf-dist/tex/latex/hyperref/nameref.sty
Package: nameref 2019/09/16 v2.46 Cross-referencing by name of section
 (/usr/share/texlive/texmf-dist/tex/latex/refcount/refcount.sty
Package: refcount 2019/12/15 v3.6 Data extraction from label references (HO)
) (/usr/share/texlive/texmf-dist/tex/generic/gettitlestring/gettitlestring.sty
Package: gettitlestring 2019/12/15 v1.6 Cleanup title references (HO)
)
\c@section@level=\count299
)
LaTeX Info: Redefining \ref on input line 43.
LaTeX Info: Redefining \pageref on input line 43.
LaTeX Info: Redefining \nameref on input line 43.
 (/home/jasony/Repositories/schoolRepos/school/Y2S2/CS2107/cs2107-cheatsheet.out) (/home/jasony/Repositories/schoolRepos/school/Y2S2/CS2107/cs2107-cheatsheet.out)
\@outlinefile=\write3
\openout3 = `cs2107-cheatsheet.out'.

LaTeX Font Info:    Trying to load font information for U+msa on input line 67.
 (/usr/share/texlive/texmf-dist/tex/latex/amsfonts/umsa.fd
File: umsa.fd 2013/01/14 v3.01 AMS symbols A
)
LaTeX Font Info:    Trying to load font information for U+msb on input line 67.
 (/usr/share/texlive/texmf-dist/tex/latex/amsfonts/umsb.fd
File: umsb.fd 2013/01/14 v3.01 AMS symbols B
)
<images/cipherdiagram.png, id=60, 449.17813pt x 120.95187pt>
File: images/cipherdiagram.png Graphic file (type png)
<use images/cipherdiagram.png>
Package pdftex.def Info: images/cipherdiagram.png  used on input line 100.
(pdftex.def)             Requested size: 224.58852pt x 60.47578pt.
LaTeX Font Info:    Trying to load font information for OMS+cmr on input line 125.
 (/usr/share/texlive/texmf-dist/tex/latex/base/omscmr.fd
File: omscmr.fd 2019/12/16 v2.5j Standard LaTeX font definitions
)
LaTeX Font Info:    Font shape `OMS/cmr/m/n' in size <8> not available
(Font)              Font shape `OMS/cmsy/m/n' tried instead on input line 125.
<images/substitioncipher.png, id=62, 449.17813pt x 103.88812pt>
File: images/substitioncipher.png Graphic file (type png)
<use images/substitioncipher.png>
Package pdftex.def Info: images/substitioncipher.png  used on input line 128.
(pdftex.def)             Requested size: 238.06328pt x 55.06044pt.
<images/permutationcipher.png, id=63, 271.51437pt x 146.04562pt>
File: images/permutationcipher.png Graphic file (type png)
<use images/permutationcipher.png>
Package pdftex.def Info: images/permutationcipher.png  used on input line 186.
(pdftex.def)             Requested size: 217.21178pt x 116.83664pt.
 [1

{/var/lib/texmf/fonts/map/pdftex/updmap/pdftex.map} </home/jasony/Repositories/schoolRepos/school/Y2S2/CS2107/images/cipherdiagram.png> </home/jasony/Repositories/schoolRepos/school/Y2S2/CS2107/images/substitioncipher.png>]
<images/ecb.png, id=93, 484.81125pt x 220.32312pt>
File: images/ecb.png Graphic file (type png)
<use images/ecb.png>
Package pdftex.def Info: images/ecb.png  used on input line 262.
(pdftex.def)             Requested size: 242.40503pt x 110.16129pt.
<images/penguin.png, id=94, 330.23375pt x 191.21437pt>
File: images/penguin.png Graphic file (type png)
<use images/penguin.png>
Package pdftex.def Info: images/penguin.png  used on input line 277.
(pdftex.def)             Requested size: 165.11646pt x 95.60695pt.
<images/cipherblockchaining.png, id=95, 688.5725pt x 303.1325pt>
File: images/cipherblockchaining.png Graphic file (type png)
<use images/cipherblockchaining.png>
Package pdftex.def Info: images/cipherblockchaining.png  used on input line 293.
(pdftex.def)             Requested size: 234.11154pt x 103.06367pt.
<images/countermode.png, id=96, 673.51625pt x 400.99812pt>
File: images/countermode.png Graphic file (type png)
<use images/countermode.png>
Package pdftex.def Info: images/countermode.png  used on input line 298.
(pdftex.def)             Requested size: 228.9925pt x 136.33755pt.
 [2 </home/jasony/Repositories/schoolRepos/school/Y2S2/CS2107/images/permutationcipher.png> </home/jasony/Repositories/schoolRepos/school/Y2S2/CS2107/images/ecb.png> </home/jasony/Repositories/schoolRepos/school/Y2S2/CS2107/images/penguin.png> </home/jasony/Repositories/schoolRepos/school/Y2S2/CS2107/images/cipherblockchaining.png> </home/jasony/Repositories/schoolRepos/school/Y2S2/CS2107/images/countermode.png>]
<images/streamcipher.png, id=125, 586.19pt x 250.43562pt>
File: images/streamcipher.png Graphic file (type png)
<use images/streamcipher.png>
Package pdftex.def Info: images/streamcipher.png  used on input line 314.
(pdftex.def)             Requested size: 246.19812pt x 105.18224pt.
<images/initializationvector.png, id=126, 841.64438pt x 336.25626pt>
File: images/initializationvector.png Graphic file (type png)
<use images/initializationvector.png>
Package pdftex.def Info: images/initializationvector.png  used on input line 324.
(pdftex.def)             Requested size: 244.07062pt x 97.51181pt.
<images/initializationvectorimportance.png, id=127, 483.8075pt x 85.82062pt>
File: images/initializationvectorimportance.png Graphic file (type png)
<use images/initializationvectorimportance.png>
Package pdftex.def Info: images/initializationvectorimportance.png  used on input line 340.
(pdftex.def)             Requested size: 241.90315pt x 42.91019pt.
<images/meetinthemiddle.png, id=128, 887.315pt x 489.83pt>
File: images/meetinthemiddle.png Graphic file (type png)
<use images/meetinthemiddle.png>
Package pdftex.def Info: images/meetinthemiddle.png  used on input line 363.
(pdftex.def)             Requested size: 239.57825pt x 132.25586pt.
<images/paddingoracleattack.png, id=130, 636.3775pt x 445.665pt>
File: images/paddingoracleattack.png Graphic file (type png)
<use images/paddingoracleattack.png>
Package pdftex.def Info: images/paddingoracleattack.png  used on input line 410.
(pdftex.def)             Requested size: 241.82596pt x 169.35446pt.
 [3 </home/jasony/Repositories/schoolRepos/school/Y2S2/CS2107/images/meetinthemiddle.png> </home/jasony/Repositories/schoolRepos/school/Y2S2/CS2107/images/paddingoracleattack.png> </home/jasony/Repositories/schoolRepos/school/Y2S2/CS2107/images/streamcipher.png> </home/jasony/Repositories/schoolRepos/school/Y2S2/CS2107/images/initializationvector.png> </home/jasony/Repositories/schoolRepos/school/Y2S2/CS2107/images/initializationvectorimportance.png>] [4]
<images/biometric.png, id=185, 499.8675pt x 294.09875pt>
File: images/biometric.png Graphic file (type png)
<use images/biometric.png>
Package pdftex.def Info: images/biometric.png  used on input line 687.
(pdftex.def)             Requested size: 241.84813pt x 88.20337pt.
<images/publickeyencryption.png, id=187, 748.29562pt x 177.16188pt>
File: images/publickeyencryption.png Graphic file (type png)
<use images/publickeyencryption.png>
Package pdftex.def Info: images/publickeyencryption.png  used on input line 751.
(pdftex.def)             Requested size: 239.45949pt x 56.69295pt.
 [5 </home/jasony/Repositories/schoolRepos/school/Y2S2/CS2107/images/biometric.png>]

LaTeX Warning: Command \textless invalid in math mode on input line 758.

LaTeX Font Info:    Trying to load font information for OML+cmr on input line 758.
(/usr/share/texlive/texmf-dist/tex/latex/base/omlcmr.fd
File: omlcmr.fd 2019/12/16 v2.5j Standard LaTeX font definitions
)
LaTeX Font Info:    Font shape `OML/cmr/m/n' in size <8> not available
(Font)              Font shape `OML/cmm/m/it' tried instead on input line 758.


LaTeX Warning: Command \textless invalid in math mode on input line 758.


LaTeX Warning: Command \textgreater invalid in math mode on input line 758.


LaTeX Warning: Command \textgreater invalid in math mode on input line 758.

<images/keydistribution.png, id=237, 548.54938pt x 402.50375pt>
File: images/keydistribution.png Graphic file (type png)
<use images/keydistribution.png>
Package pdftex.def Info: images/keydistribution.png  used on input line 764.
(pdftex.def)             Requested size: 241.84793pt x 142.2603pt.
<images/RSA.png, id=239, 375.4025pt x 131.49126pt>
File: images/RSA.png Graphic file (type png)
<use images/RSA.png>
Package pdftex.def Info: images/RSA.png  used on input line 788.
(pdftex.def)             Requested size: 241.85493pt x 65.44449pt.
<images/largefilersa.png, id=241, 595.22375pt x 171.64125pt>
File: images/largefilersa.png Graphic file (type png)
<use images/largefilersa.png>
Package pdftex.def Info: images/largefilersa.png  used on input line 823.
(pdftex.def)             Requested size: 241.84538pt x 65.4391pt.
<images/hash.png, id=243, 461.22313pt x 66.74937pt>
File: images/hash.png Graphic file (type png)
<use images/hash.png>
Package pdftex.def Info: images/hash.png  used on input line 840.
(pdftex.def)             Requested size: 241.84314pt x 36.99031pt.
<images/MAC.png, id=245, 449.17813pt x 79.79813pt>
File: images/MAC.png Graphic file (type png)
<use images/MAC.png>
Package pdftex.def Info: images/MAC.png  used on input line 886.
(pdftex.def)             Requested size: 241.84662pt x 36.98883pt.
[6 </home/jasony/Repositories/schoolRepos/school/Y2S2/CS2107/images/publickeyencryption.png> </home/jasony/Repositories/schoolRepos/school/Y2S2/CS2107/images/keydistribution.png> </home/jasony/Repositories/schoolRepos/school/Y2S2/CS2107/images/RSA.png> </home/jasony/Repositories/schoolRepos/school/Y2S2/CS2107/images/largefilersa.png> </home/jasony/Repositories/schoolRepos/school/Y2S2/CS2107/images/hash.png> </home/jasony/Repositories/schoolRepos/school/Y2S2/CS2107/images/MAC.png>]
<images/cbcmac.png, id=280, 518.43687pt x 233.87375pt>
File: images/cbcmac.png Graphic file (type png)
<use images/cbcmac.png>
Package pdftex.def Info: images/cbcmac.png  used on input line 896.
(pdftex.def)             Requested size: 241.8538pt x 79.66946pt.
<images/hmac.png, id=282, 457.71pt x 117.43875pt>
File: images/hmac.png Graphic file (type png)
<use images/hmac.png>
Package pdftex.def Info: images/hmac.png  used on input line 899.
(pdftex.def)             Requested size: 241.84483pt x 56.90575pt.
<images/hashintegrityprotection.png, id=284, 599.74063pt x 313.17pt>
File: images/hashintegrityprotection.png Graphic file (type png)
<use images/hashintegrityprotection.png>
Package pdftex.def Info: images/hashintegrityprotection.png  used on input line 929.
(pdftex.def)             Requested size: 241.84122pt x 128.04213pt.
<images/macdiagram.png, id=286, 590.70688pt x 326.72063pt>
File: images/macdiagram.png Graphic file (type png)
<use images/macdiagram.png>
Package pdftex.def Info: images/macdiagram.png  used on input line 940.
(pdftex.def)             Requested size: 241.84888pt x 128.03372pt.
<images/signature.png, id=288, 584.68437pt x 254.9525pt>
File: images/signature.png Graphic file (type png)
<use images/signature.png>
Package pdftex.def Info: images/signature.png  used on input line 953.
(pdftex.def)             Requested size: 241.84547pt x 99.58667pt.


Package hyperref Warning: Token not allowed in a PDF string (PDFDocEncoding):
(hyperref)                removing `math shift' on input line 967.


Package hyperref Warning: Token not allowed in a PDF string (PDFDocEncoding):
(hyperref)                removing `\@@underline' on input line 967.


Package hyperref Warning: Token not allowed in a PDF string (PDFDocEncoding):
(hyperref)                removing `\hbox' on input line 967.


Package hyperref Warning: Token not allowed in a PDF string (PDFDocEncoding):
(hyperref)                removing `\mathsurround' on input line 967.


Package hyperref Warning: Token not allowed in a PDF string (PDFDocEncoding):
(hyperref)                removing `\z@' on input line 967.


Package hyperref Warning: Token not allowed in a PDF string (PDFDocEncoding):
(hyperref)                removing `math shift' on input line 967.

[7 </home/jasony/Repositories/schoolRepos/school/Y2S2/CS2107/images/cbcmac.png> </home/jasony/Repositories/schoolRepos/school/Y2S2/CS2107/images/hmac.png> </home/jasony/Repositories/schoolRepos/school/Y2S2/CS2107/images/hashintegrityprotection.png> </home/jasony/Repositories/schoolRepos/school/Y2S2/CS2107/images/macdiagram.png> </home/jasony/Repositories/schoolRepos/school/Y2S2/CS2107/images/signature.png>] [8]
<images/authkeyexchange.png, id=340, 550.55687pt x 301.62688pt>
File: images/authkeyexchange.png Graphic file (type png)
<use images/authkeyexchange.png>
Package pdftex.def Info: images/authkeyexchange.png  used on input line 1255.
(pdftex.def)             Requested size: 241.85094pt x 113.80936pt.
<images/keyexchange.png, id=341, 610.28pt x 236.885pt>
File: images/keyexchange.png Graphic file (type png)
<use images/keyexchange.png>
Package pdftex.def Info: images/keyexchange.png  used on input line 1279.
(pdftex.def)             Requested size: 241.84483pt x 99.58499pt.
<images/DiffieHellman.png, id=342, 585.68813pt x 348.30125pt>
File: images/DiffieHellman.png Graphic file (type png)
<use images/DiffieHellman.png>
Package pdftex.def Info: images/DiffieHellman.png  used on input line 1290.
(pdftex.def)             Requested size: 244.69148pt x 170.71693pt.
<images/maninthemiddleauthkeyexchange.png, id=343, 521.44812pt x 134.5025pt>
File: images/maninthemiddleauthkeyexchange.png Graphic file (type png)
<use images/maninthemiddleauthkeyexchange.png>
Package pdftex.def Info: images/maninthemiddleauthkeyexchange.png  used on input line 1298.
(pdftex.def)             Requested size: 244.69078pt x 56.90523pt.
<images/stsprotocol.png, id=344, 522.95375pt x 268.00125pt>
File: images/stsprotocol.png Graphic file (type png)
<use images/stsprotocol.png>
Package pdftex.def Info: images/stsprotocol.png  used on input line 1310.
(pdftex.def)             Requested size: 244.69508pt x 113.8111pt.
 [9 </home/jasony/Repositories/schoolRepos/school/Y2S2/CS2107/images/authkeyexchange.png> </home/jasony/Repositories/schoolRepos/school/Y2S2/CS2107/images/keyexchange.png> </home/jasony/Repositories/schoolRepos/school/Y2S2/CS2107/images/DiffieHellman.png> </home/jasony/Repositories/schoolRepos/school/Y2S2/CS2107/images/maninthemiddleauthkeyexchange.png>]
<images/tls.png, id=374, 572.1375pt x 332.74312pt>
File: images/tls.png Graphic file (type png)
<use images/tls.png>
Package pdftex.def Info: images/tls.png  used on input line 1383.
(pdftex.def)             Requested size: 244.69608pt x 113.80643pt.
<images/TLShandshake.png, id=375, 528.47438pt x 305.64188pt>
File: images/TLShandshake.png Graphic file (type png)
<use images/TLShandshake.png>
Package pdftex.def Info: images/TLShandshake.png  used on input line 1388.
(pdftex.def)             Requested size: 244.68974pt x 113.8086pt.
<images/multiplehop.png, id=376, 232.36812pt x 123.46124pt>
File: images/multiplehop.png Graphic file (type png)
<use images/multiplehop.png>
Package pdftex.def Info: images/multiplehop.png  used on input line 1408.
(pdftex.def)             Requested size: 244.6993pt x 85.36353pt.
<images/internetlayer.png, id=377, 388.95313pt x 149.55875pt>
File: images/internetlayer.png Graphic file (type png)
<use images/internetlayer.png>
Package pdftex.def Info: images/internetlayer.png  used on input line 1409.
(pdftex.def)             Requested size: 244.69753pt x 85.3589pt.
<images/dataflowlayers.png, id=378, 391.96437pt x 201.75375pt>
File: images/dataflowlayers.png Graphic file (type png)
<use images/dataflowlayers.png>
Package pdftex.def Info: images/dataflowlayers.png  used on input line 1433.
(pdftex.def)             Requested size: 241.84912pt x 113.81252pt.
<images/dataflowlayers2.png, id=380, 407.02063pt x 236.885pt>
File: images/dataflowlayers2.png Graphic file (type png)
<use images/dataflowlayers2.png>
Package pdftex.def Info: images/dataflowlayers2.png  used on input line 1434.
(pdftex.def)             Requested size: 241.848pt x 113.80832pt.
 [10 </home/jasony/Repositories/schoolRepos/school/Y2S2/CS2107/images/stsprotocol.png> </home/jasony/Repositories/schoolRepos/school/Y2S2/CS2107/images/tls.png> </home/jasony/Repositories/schoolRepos/school/Y2S2/CS2107/images/TLShandshake.png> </home/jasony/Repositories/schoolRepos/school/Y2S2/CS2107/images/multiplehop.png> </home/jasony/Repositories/schoolRepos/school/Y2S2/CS2107/images/internetlayer.png>]
Overfull \hbox (3.42697pt too wide) in paragraph at lines 1490--1491
[][][][][][][][][][][][][][][][][][][][][][][] 
 []

<images/dnsqueryandanswer.png, id=406, 334.75063pt x 226.34563pt>
File: images/dnsqueryandanswer.png Graphic file (type png)
<use images/dnsqueryandanswer.png>
Package pdftex.def Info: images/dnsqueryandanswer.png  used on input line 1527.
(pdftex.def)             Requested size: 241.85796pt x 128.03748pt.
<images/dnspoisoning.png, id=408, 323.70938pt x 140.525pt>
File: images/dnspoisoning.png Graphic file (type png)
<use images/dnspoisoning.png>
Package pdftex.def Info: images/dnspoisoning.png  used on input line 1553.
(pdftex.def)             Requested size: 236.1577pt x 73.97614pt.
<images/dnsspoofing.png, id=410, 376.90813pt x 248.42813pt>
File: images/dnsspoofing.png Graphic file (type png)
<use images/dnsspoofing.png>
Package pdftex.def Info: images/dnsspoofing.png  used on input line 1556.
(pdftex.def)             Requested size: 236.15361pt x 99.58556pt.
[11 </home/jasony/Repositories/schoolRepos/school/Y2S2/CS2107/images/dataflowlayers.png> </home/jasony/Repositories/schoolRepos/school/Y2S2/CS2107/images/dataflowlayers2.png> </home/jasony/Repositories/schoolRepos/school/Y2S2/CS2107/images/dnsqueryandanswer.png> </home/jasony/Repositories/schoolRepos/school/Y2S2/CS2107/images/dnspoisoning.png>]
<images/MITMarp.png, id=446, 288.07625pt x 260.975pt>
File: images/MITMarp.png Graphic file (type png)
<use images/MITMarp.png>
Package pdftex.def Info: images/MITMarp.png  used on input line 1592.
(pdftex.def)             Requested size: 170.72395pt x 113.80992pt.
<images/broadcastattack.png, id=447, 340.27126pt x 137.51375pt>
File: images/broadcastattack.png Graphic file (type png)
<use images/broadcastattack.png>
Package pdftex.def Info: images/broadcastattack.png  used on input line 1627.
(pdftex.def)             Requested size: 241.84868pt x 85.36046pt.
<images/botnet.png, id=448, 417.56pt x 316.18124pt>
File: images/botnet.png Graphic file (type png)
<use images/botnet.png>
Package pdftex.def Info: images/botnet.png  used on input line 1649.
(pdftex.def)             Requested size: 241.85364pt x 142.26576pt.
 [12 </home/jasony/Repositories/schoolRepos/school/Y2S2/CS2107/images/dnsspoofing.png> </home/jasony/Repositories/schoolRepos/school/Y2S2/CS2107/images/MITMarp.png> </home/jasony/Repositories/schoolRepos/school/Y2S2/CS2107/images/broadcastattack.png> </home/jasony/Repositories/schoolRepos/school/Y2S2/CS2107/images/botnet.png>]
<images/scenario1attack.png, id=480, 382.93062pt x 218.8175pt>
File: images/scenario1attack.png Graphic file (type png)
<use images/scenario1attack.png>
Package pdftex.def Info: images/scenario1attack.png  used on input line 1723.
(pdftex.def)             Requested size: 241.8494pt x 142.2664pt.
<images/scenario2attack.png, id=481, 370.38374pt x 218.8175pt>
File: images/scenario2attack.png Graphic file (type png)
<use images/scenario2attack.png>
Package pdftex.def Info: images/scenario2attack.png  used on input line 1730.
(pdftex.def)             Requested size: 241.84863pt x 142.2664pt.
<images/wpa2protection.png, id=482, 376.40625pt x 164.11313pt>
File: images/wpa2protection.png Graphic file (type png)
<use images/wpa2protection.png>
Package pdftex.def Info: images/wpa2protection.png  used on input line 1736.
(pdftex.def)             Requested size: 241.85258pt x 85.35934pt.
<images/2-firewall.png, id=483, 373.89688pt x 271.0125pt>
File: images/2-firewall.png Graphic file (type png)
<use images/2-firewall.png>
Package pdftex.def Info: images/2-firewall.png  used on input line 1793.
(pdftex.def)             Requested size: 241.8491pt x 142.26714pt.
 [13 </home/jasony/Repositories/schoolRepos/school/Y2S2/CS2107/images/scenario1attack.png> </home/jasony/Repositories/schoolRepos/school/Y2S2/CS2107/images/scenario2attack.png> </home/jasony/Repositories/schoolRepos/school/Y2S2/CS2107/images/wpa2protection.png> </home/jasony/Repositories/schoolRepos/school/Y2S2/CS2107/images/2-firewall.png>]
<images/firewallrules.png, id=507, 369.38pt x 262.48062pt>
File: images/firewallrules.png Graphic file (type png)
<use images/firewallrules.png>
Package pdftex.def Info: images/firewallrules.png  used on input line 1822.
(pdftex.def)             Requested size: 241.84703pt x 142.2661pt.
<images/acm.png, id=508, 328.72812pt x 99.87312pt>
File: images/acm.png Graphic file (type png)
<use images/acm.png>
Package pdftex.def Info: images/acm.png  used on input line 1903.
(pdftex.def)             Requested size: 241.85051pt x 68.28923pt.
<images/acl.png, id=509, 214.30063pt x 62.2325pt>
File: images/acl.png Graphic file (type png)
<use images/acl.png>
Package pdftex.def Info: images/acl.png  used on input line 1907.
(pdftex.def)             Requested size: 156.49046pt x 42.68028pt.
<images/capability.png, id=510, 286.57062pt x 44.165pt>
File: images/capability.png Graphic file (type png)
<use images/capability.png>
Package pdftex.def Info: images/capability.png  used on input line 1911.
(pdftex.def)             Requested size: 241.85458pt x 42.67958pt.
<images/privilege.png, id=511, 361.85187pt x 167.62625pt>
File: images/privilege.png Graphic file (type png)
<use images/privilege.png>
Package pdftex.def Info: images/privilege.png  used on input line 1933.
(pdftex.def)             Requested size: 241.8487pt x 85.35779pt.
<images/rings.png, id=512, 477.785pt x 154.07562pt>
File: images/rings.png Graphic file (type png)
<use images/rings.png>
Package pdftex.def Info: images/rings.png  used on input line 1946.
(pdftex.def)             Requested size: 241.84451pt x 85.36015pt.
 [14 </home/jasony/Repositories/schoolRepos/school/Y2S2/CS2107/images/firewallrules.png> </home/jasony/Repositories/schoolRepos/school/Y2S2/CS2107/images/acm.png> </home/jasony/Repositories/schoolRepos/school/Y2S2/CS2107/images/acl.png> </home/jasony/Repositories/schoolRepos/school/Y2S2/CS2107/images/capability.png> </home/jasony/Repositories/schoolRepos/school/Y2S2/CS2107/images/privilege.png>]
<images/bellbiba.png, id=538, 500.36937pt x 230.8625pt>
File: images/bellbiba.png Graphic file (type png)
<use images/bellbiba.png>
Package pdftex.def Info: images/bellbiba.png  used on input line 1971.
(pdftex.def)             Requested size: 241.84663pt x 99.58244pt.
<images/unixfilesystempermission.png, id=539, 486.31688pt x 349.305pt>
File: images/unixfilesystempermission.png Graphic file (type png)
<use images/unixfilesystempermission.png>
Package pdftex.def Info: images/unixfilesystempermission.png  used on input line 1974.
(pdftex.def)             Requested size: 241.84439pt x 156.49289pt.
<images/controlescalation.png, id=540, 528.47438pt x 245.91875pt>
File: images/controlescalation.png Graphic file (type png)
<use images/controlescalation.png>
Package pdftex.def Info: images/controlescalation.png  used on input line 2019.
(pdftex.def)             Requested size: 241.84842pt x 112.5386pt.
<images/bridgeselevated.png, id=542, 548.54938pt x 349.305pt>
File: images/bridgeselevated.png Graphic file (type png)
<use images/bridgeselevated.png>
Package pdftex.def Info: images/bridgeselevated.png  used on input line 2022.
(pdftex.def)             Requested size: 241.84842pt x 154.0038pt.
<images/maliciousprivilegeescalation.png, id=544, 505.89pt x 306.14375pt>
File: images/maliciousprivilegeescalation.png Graphic file (type png)
<use images/maliciousprivilegeescalation.png>
Package pdftex.def Info: images/maliciousprivilegeescalation.png  used on input line 2031.
(pdftex.def)             Requested size: 241.84842pt x 146.35873pt.
 [15 </home/jasony/Repositories/schoolRepos/school/Y2S2/CS2107/images/controlescalation.png> </home/jasony/Repositories/schoolRepos/school/Y2S2/CS2107/images/bridgeselevated.png> </home/jasony/Repositories/schoolRepos/school/Y2S2/CS2107/images/maliciousprivilegeescalation.png> </home/jasony/Repositories/schoolRepos/school/Y2S2/CS2107/images/rings.png> </home/jasony/Repositories/schoolRepos/school/Y2S2/CS2107/images/bellbiba.png> </home/jasony/Repositories/schoolRepos/school/Y2S2/CS2107/images/unixfilesystempermission.png>]
<images/suidexample.png, id=567, 489.83pt x 374.90062pt>
File: images/suidexample.png Graphic file (type png)
<use images/suidexample.png>
Package pdftex.def Info: images/suidexample.png  used on input line 2050.
(pdftex.def)             Requested size: 241.84842pt x 185.09871pt.
 [16 </home/jasony/Repositories/schoolRepos/school/Y2S2/CS2107/images/suidexample.png>]
Package atveryend Info: Empty hook `BeforeClearDocument' on input line 2078.
Package atveryend Info: Empty hook `AfterLastShipout' on input line 2078.
 (/home/jasony/Repositories/schoolRepos/school/Y2S2/CS2107/cs2107-cheatsheet.aux)
Package atveryend Info: Executing hook `AtVeryEndDocument' on input line 2078.
Package atveryend Info: Executing hook `AtEndAfterFileList' on input line 2078.
Package rerunfilecheck Info: File `cs2107-cheatsheet.out' has not changed.
(rerunfilecheck)             Checksum: 5DF8FFF99E26E3C571956F974E5EFECB;1022.
Package atveryend Info: Empty hook `AtVeryVeryEnd' on input line 2078.
 ) 
Here is how much of TeX's memory you used:
 10325 strings out of 481239
 150754 string characters out of 5920377
 433571 words of memory out of 5000000
 25056 multiletter control sequences out of 15000+600000
 542675 words of font info for 64 fonts, out of 8000000 for 9000
 1141 hyphenation exceptions out of 8191
 34i,12n,45p,436b,1250s stack positions out of 5000i,500n,10000p,200000b,80000s
{/usr/share/texmf/fonts/enc/dvips/cm-super/cm-super-ts1.enc}</usr/share/texlive/texmf-dist/fonts/type1/public/amsfonts/cm/cmbx10.pfb></usr/share/texlive/texmf-dist/fonts/type1/public/amsfonts/cm/cmbx12.pfb></usr/share/texlive/texmf-dist/fonts/type1/public/amsfonts/cm/cmbx8.pfb></usr/share/texlive/texmf-dist/fonts/type1/public/amsfonts/cm/cmbx9.pfb></usr/share/texlive/texmf-dist/fonts/type1/public/amsfonts/cm/cmbxti10.pfb></usr/share/texlive/texmf-dist/fonts/type1/public/amsfonts/cm/cmmi6.pfb></usr/share/texlive/texmf-dist/fonts/type1/public/amsfonts/cm/cmmi8.pfb></usr/share/texlive/texmf-dist/fonts/type1/public/amsfonts/cm/cmr6.pfb></usr/share/texlive/texmf-dist/fonts/type1/public/amsfonts/cm/cmr7.pfb></usr/share/texlive/texmf-dist/fonts/type1/public/amsfonts/cm/cmr8.pfb></usr/share/texlive/texmf-dist/fonts/type1/public/amsfonts/cm/cmsy6.pfb></usr/share/texlive/texmf-dist/fonts/type1/public/amsfonts/cm/cmsy8.pfb></usr/share/texlive/texmf-dist/fonts/type1/public/amsfonts/cm/cmsy9.pfb></usr/share/texlive/texmf-dist/fonts/type1/public/amsfonts/cm/cmti8.pfb></usr/share/texlive/texmf-dist/fonts/type1/public/amsfonts/cm/cmtt8.pfb></usr/share/texmf/fonts/type1/public/cm-super/sfrm0800.pfb>
Output written on /home/jasony/Repositories/schoolRepos/school/Y2S2/CS2107/cs2107-cheatsheet.pdf (16 pages, 3889545 bytes).
PDF statistics:
 697 PDF objects out of 1000 (max. 8388607)
 521 compressed objects within 6 object streams
 303 named destinations out of 1000 (max. 500000)
 536 words of extra memory for PDF output out of 10000 (max. 10000000)

