This is pdfTeX, Version 3.14159265-2.6-1.40.20 (TeX Live 2019/Debian) (preloaded format=pdflatex 2023.1.11)  2 MAY 2023 11:57
entering extended mode
 restricted \write18 enabled.
 file:line:error style messages enabled.
 %&-line parsing enabled.
**/home/jasony/Repositories/schoolRepos/school/Y2S2/CS2106/cs2106-cheatsheet.tex
(/home/jasony/Repositories/schoolRepos/school/Y2S2/CS2106/cs2106-cheatsheet.tex
LaTeX2e <2020-02-02> patch level 2
L3 programming layer <2020-02-14> (/usr/share/texlive/texmf-dist/tex/latex/base/article.cls
Document Class: article 2019/12/20 v1.4l Standard LaTeX document class
(/usr/share/texlive/texmf-dist/tex/latex/base/size10.clo
File: size10.clo 2019/12/20 v1.4l Standard LaTeX file (size option)
)
\c@part=\count167
\c@section=\count168
\c@subsection=\count169
\c@subsubsection=\count170
\c@paragraph=\count171
\c@subparagraph=\count172
\c@figure=\count173
\c@table=\count174
\abovecaptionskip=\skip47
\belowcaptionskip=\skip48
\bibindent=\dimen134
) (/usr/share/texlive/texmf-dist/tex/latex/amsfonts/amssymb.sty
Package: amssymb 2013/01/14 v3.01 AMS font symbols
 (/usr/share/texlive/texmf-dist/tex/latex/amsfonts/amsfonts.sty
Package: amsfonts 2013/01/14 v3.01 Basic AMSFonts support
\@emptytoks=\toks14
\symAMSa=\mathgroup4
\symAMSb=\mathgroup5
LaTeX Font Info:    Redeclaring math symbol \hbar on input line 98.
LaTeX Font Info:    Overwriting math alphabet `\mathfrak' in version `bold'
(Font)                  U/euf/m/n --> U/euf/b/n on input line 106.
)) (/usr/share/texlive/texmf-dist/tex/latex/amsmath/amsmath.sty
Package: amsmath 2020/01/20 v2.17e AMS math features
\@mathmargin=\skip49

For additional information on amsmath, use the `?' option.
(/usr/share/texlive/texmf-dist/tex/latex/amsmath/amstext.sty
Package: amstext 2000/06/29 v2.01 AMS text
 (/usr/share/texlive/texmf-dist/tex/latex/amsmath/amsgen.sty
File: amsgen.sty 1999/11/30 v2.0 generic functions
\@emptytoks=\toks15
\ex@=\dimen135
)) (/usr/share/texlive/texmf-dist/tex/latex/amsmath/amsbsy.sty
Package: amsbsy 1999/11/29 v1.2d Bold Symbols
\pmbraise@=\dimen136
) (/usr/share/texlive/texmf-dist/tex/latex/amsmath/amsopn.sty
Package: amsopn 2016/03/08 v2.02 operator names
)
\inf@bad=\count175
LaTeX Info: Redefining \frac on input line 227.
\uproot@=\count176
\leftroot@=\count177
LaTeX Info: Redefining \overline on input line 389.
\classnum@=\count178
\DOTSCASE@=\count179
LaTeX Info: Redefining \ldots on input line 486.
LaTeX Info: Redefining \dots on input line 489.
LaTeX Info: Redefining \cdots on input line 610.
\Mathstrutbox@=\box45
\strutbox@=\box46
\big@size=\dimen137
LaTeX Font Info:    Redeclaring font encoding OML on input line 733.
LaTeX Font Info:    Redeclaring font encoding OMS on input line 734.
\macc@depth=\count180
\c@MaxMatrixCols=\count181
\dotsspace@=\muskip16
\c@parentequation=\count182
\dspbrk@lvl=\count183
\tag@help=\toks16
\row@=\count184
\column@=\count185
\maxfields@=\count186
\andhelp@=\toks17
\eqnshift@=\dimen138
\alignsep@=\dimen139
\tagshift@=\dimen140
\tagwidth@=\dimen141
\totwidth@=\dimen142
\lineht@=\dimen143
\@envbody=\toks18
\multlinegap=\skip50
\multlinetaggap=\skip51
\mathdisplay@stack=\toks19
LaTeX Info: Redefining \[ on input line 2859.
LaTeX Info: Redefining \] on input line 2860.
) (/usr/share/texlive/texmf-dist/tex/latex/amscls/amsthm.sty
Package: amsthm 2017/10/31 v2.20.4
\thm@style=\toks20
\thm@bodyfont=\toks21
\thm@headfont=\toks22
\thm@notefont=\toks23
\thm@headpunct=\toks24
\thm@preskip=\skip52
\thm@postskip=\skip53
\thm@headsep=\skip54
\dth@everypar=\toks25
) (/usr/share/texlive/texmf-dist/tex/latex/tools/multicol.sty
Package: multicol 2019/12/09 v1.8y multicolumn formatting (FMi)
\c@tracingmulticols=\count187
\mult@box=\box47
\multicol@leftmargin=\dimen144
\c@unbalance=\count188
\c@collectmore=\count189
\doublecol@number=\count190
\multicoltolerance=\count191
\multicolpretolerance=\count192
\full@width=\dimen145
\page@free=\dimen146
\premulticols=\dimen147
\postmulticols=\dimen148
\multicolsep=\skip55
\multicolbaselineskip=\skip56
\partial@page=\box48
\last@line=\box49
\maxbalancingoverflow=\dimen149
\mult@rightbox=\box50
\mult@grightbox=\box51
\mult@gfirstbox=\box52
\mult@firstbox=\box53
\@tempa=\box54
\@tempa=\box55
\@tempa=\box56
\@tempa=\box57
\@tempa=\box58
\@tempa=\box59
\@tempa=\box60
\@tempa=\box61
\@tempa=\box62
\@tempa=\box63
\@tempa=\box64
\@tempa=\box65
\@tempa=\box66
\@tempa=\box67
\@tempa=\box68
\@tempa=\box69
\@tempa=\box70
\@tempa=\box71
\@tempa=\box72
\@tempa=\box73
\@tempa=\box74
\@tempa=\box75
\@tempa=\box76
\@tempa=\box77
\@tempa=\box78
\@tempa=\box79
\@tempa=\box80
\@tempa=\box81
\@tempa=\box82
\@tempa=\box83
\@tempa=\box84
\@tempa=\box85
\@tempa=\box86
\@tempa=\box87
\@tempa=\box88
\@tempa=\box89
\@tempa=\box90
\c@minrows=\count193
\c@columnbadness=\count194
\c@finalcolumnbadness=\count195
\last@try=\dimen150
\multicolovershoot=\dimen151
\multicolundershoot=\dimen152
\mult@nat@firstbox=\box91
\colbreak@box=\box92
\mc@col@check@num=\count196
) (/usr/share/texlive/texmf-dist/tex/latex/multirow/multirow.sty
Package: multirow 2019/05/31 v2.5 Span multiple rows of a table
\multirow@colwidth=\skip57
\multirow@cntb=\count197
\multirow@dima=\skip58
\bigstrutjot=\dimen153
) (/usr/share/texlive/texmf-dist/tex/latex/tools/calc.sty
Package: calc 2017/05/25 v4.3 Infix arithmetic (KKT,FJ)
\calc@Acount=\count198
\calc@Bcount=\count199
\calc@Adimen=\dimen154
\calc@Bdimen=\dimen155
\calc@Askip=\skip59
\calc@Bskip=\skip60
LaTeX Info: Redefining \setlength on input line 80.
LaTeX Info: Redefining \addtolength on input line 81.
\calc@Ccount=\count266
\calc@Cskip=\skip61
) (/usr/share/texlive/texmf-dist/tex/latex/base/ifthen.sty
Package: ifthen 2014/09/29 v1.1c Standard LaTeX ifthen package (DPC)
) (/usr/share/texlive/texmf-dist/tex/latex/graphics/graphicx.sty
Package: graphicx 2019/11/30 v1.2a Enhanced LaTeX Graphics (DPC,SPQR)
 (/usr/share/texlive/texmf-dist/tex/latex/graphics/keyval.sty
Package: keyval 2014/10/28 v1.15 key=value parser (DPC)
\KV@toks@=\toks26
) (/usr/share/texlive/texmf-dist/tex/latex/graphics/graphics.sty
Package: graphics 2019/11/30 v1.4a Standard LaTeX Graphics (DPC,SPQR)
 (/usr/share/texlive/texmf-dist/tex/latex/graphics/trig.sty
Package: trig 2016/01/03 v1.10 sin cos tan (DPC)
) (/usr/share/texlive/texmf-dist/tex/latex/graphics-cfg/graphics.cfg
File: graphics.cfg 2016/06/04 v1.11 sample graphics configuration
)
Package graphics Info: Driver file: pdftex.def on input line 105.
 (/usr/share/texlive/texmf-dist/tex/latex/graphics-def/pdftex.def
File: pdftex.def 2018/01/08 v1.0l Graphics/color driver for pdftex
))
\Gin@req@height=\dimen156
\Gin@req@width=\dimen157
) (/usr/share/texlive/texmf-dist/tex/latex/xcolor/xcolor.sty
Package: xcolor 2016/05/11 v2.12 LaTeX color extensions (UK)
 (/usr/share/texlive/texmf-dist/tex/latex/graphics-cfg/color.cfg
File: color.cfg 2016/01/02 v1.6 sample color configuration
)
Package xcolor Info: Driver file: pdftex.def on input line 225.
Package xcolor Info: Model `cmy' substituted by `cmy0' on input line 1348.
Package xcolor Info: Model `hsb' substituted by `rgb' on input line 1352.
Package xcolor Info: Model `RGB' extended on input line 1364.
Package xcolor Info: Model `HTML' substituted by `rgb' on input line 1366.
Package xcolor Info: Model `Hsb' substituted by `hsb' on input line 1367.
Package xcolor Info: Model `tHsb' substituted by `hsb' on input line 1368.
Package xcolor Info: Model `HSB' substituted by `hsb' on input line 1369.
Package xcolor Info: Model `Gray' substituted by `gray' on input line 1370.
Package xcolor Info: Model `wave' substituted by `hsb' on input line 1371.
) (/usr/share/texlive/texmf-dist/tex/latex/base/inputenc.sty
Package: inputenc 2018/08/11 v1.3c Input encoding file
\inpenc@prehook=\toks27
\inpenc@posthook=\toks28
) (/usr/share/texlive/texmf-dist/tex/latex/cprotect/cprotect.sty
Package: cprotect 2011/01/27 v1.0e (Bruno Le Floch)
 (/usr/share/texlive/texmf-dist/tex/latex/bigfoot/suffix.sty
Package: suffix 2006/07/15 1.5a Variant command support
)
\CPT@WriteOut=\write3
\c@CPT@WriteCount=\count267
\c@CPT@numB=\count268
\CPT@commandatend@toks=\toks29
) (/usr/share/texlive/texmf-dist/tex/latex/enumitem/enumitem.sty
Package: enumitem 2019/06/20 v3.9 Customized lists
\labelindent=\skip62
\enit@outerparindent=\dimen158
\enit@toks=\toks30
\enit@inbox=\box93
\enit@count@id=\count269
\enitdp@description=\count270
) (/usr/share/texlive/texmf-dist/tex/latex/listings/listings.sty
\lst@mode=\count271
\lst@gtempboxa=\box94
\lst@token=\toks31
\lst@length=\count272
\lst@currlwidth=\dimen159
\lst@column=\count273
\lst@pos=\count274
\lst@lostspace=\dimen160
\lst@width=\dimen161
\lst@newlines=\count275
\lst@lineno=\count276
\lst@maxwidth=\dimen162
 (/usr/share/texlive/texmf-dist/tex/latex/listings/lstmisc.sty
File: lstmisc.sty 2019/09/10 1.8c (Carsten Heinz)
\c@lstnumber=\count277
\lst@skipnumbers=\count278
\lst@framebox=\box95
) (/usr/share/texlive/texmf-dist/tex/latex/listings/listings.cfg
File: listings.cfg 2019/09/10 1.8c listings configuration
))
Package: listings 2019/09/10 1.8c (Carsten Heinz)
 (/usr/share/texlive/texmf-dist/tex/latex/geometry/geometry.sty
Package: geometry 2020/01/02 v5.9 Page Geometry
 (/usr/share/texlive/texmf-dist/tex/generic/iftex/ifvtex.sty
Package: ifvtex 2019/10/25 v1.7 ifvtex legacy package. Use iftex instead.
 (/usr/share/texlive/texmf-dist/tex/generic/iftex/iftex.sty
Package: iftex 2019/11/07 v1.0c TeX engine tests
))
\Gm@cnth=\count279
\Gm@cntv=\count280
\c@Gm@tempcnt=\count281
\Gm@bindingoffset=\dimen163
\Gm@wd@mp=\dimen164
\Gm@odd@mp=\dimen165
\Gm@even@mp=\dimen166
\Gm@layoutwidth=\dimen167
\Gm@layoutheight=\dimen168
\Gm@layouthoffset=\dimen169
\Gm@layoutvoffset=\dimen170
\Gm@dimlist=\toks32
) (/usr/share/texlive/texmf-dist/tex/latex/hyperref/hyperref.sty
Package: hyperref 2020/01/14 v7.00d Hypertext links for LaTeX
 (/usr/share/texlive/texmf-dist/tex/generic/ltxcmds/ltxcmds.sty
Package: ltxcmds 2019/12/15 v1.24 LaTeX kernel commands for general use (HO)
) (/usr/share/texlive/texmf-dist/tex/latex/pdftexcmds/pdftexcmds.sty
Package: pdftexcmds 2019/11/24 v0.31 Utility functions of pdfTeX for LuaTeX (HO)
 (/usr/share/texlive/texmf-dist/tex/generic/infwarerr/infwarerr.sty
Package: infwarerr 2019/12/03 v1.5 Providing info/warning/error messages (HO)
)
Package pdftexcmds Info: \pdf@primitive is available.
Package pdftexcmds Info: \pdf@ifprimitive is available.
Package pdftexcmds Info: \pdfdraftmode found.
) (/usr/share/texlive/texmf-dist/tex/generic/kvsetkeys/kvsetkeys.sty
Package: kvsetkeys 2019/12/15 v1.18 Key value parser (HO)
) (/usr/share/texlive/texmf-dist/tex/generic/kvdefinekeys/kvdefinekeys.sty
Package: kvdefinekeys 2019-12-19 v1.6 Define keys (HO)
) (/usr/share/texlive/texmf-dist/tex/generic/pdfescape/pdfescape.sty
Package: pdfescape 2019/12/09 v1.15 Implements pdfTeX's escape features (HO)
) (/usr/share/texlive/texmf-dist/tex/latex/hycolor/hycolor.sty
Package: hycolor 2020-01-27 v1.10 Color options for hyperref/bookmark (HO)
) (/usr/share/texlive/texmf-dist/tex/latex/letltxmacro/letltxmacro.sty
Package: letltxmacro 2019/12/03 v1.6 Let assignment for LaTeX macros (HO)
) (/usr/share/texlive/texmf-dist/tex/latex/auxhook/auxhook.sty
Package: auxhook 2019-12-17 v1.6 Hooks for auxiliary files (HO)
) (/usr/share/texlive/texmf-dist/tex/latex/kvoptions/kvoptions.sty
Package: kvoptions 2019/11/29 v3.13 Key value format for package options (HO)
)
\@linkdim=\dimen171
\Hy@linkcounter=\count282
\Hy@pagecounter=\count283
 (/usr/share/texlive/texmf-dist/tex/latex/hyperref/pd1enc.def
File: pd1enc.def 2020/01/14 v7.00d Hyperref: PDFDocEncoding definition (HO)
Now handling font encoding PD1 ...
... no UTF-8 mapping file for font encoding PD1
) (/usr/share/texlive/texmf-dist/tex/generic/intcalc/intcalc.sty
Package: intcalc 2019/12/15 v1.3 Expandable calculations with integers (HO)
) (/usr/share/texlive/texmf-dist/tex/generic/etexcmds/etexcmds.sty
Package: etexcmds 2019/12/15 v1.7 Avoid name clashes with e-TeX commands (HO)
)
\Hy@SavedSpaceFactor=\count284
\pdfmajorversion=\count285
Package hyperref Info: Option `colorlinks' set `true' on input line 4421.
Package hyperref Info: Hyper figures OFF on input line 4547.
Package hyperref Info: Link nesting OFF on input line 4552.
Package hyperref Info: Hyper index ON on input line 4555.
Package hyperref Info: Plain pages OFF on input line 4562.
Package hyperref Info: Backreferencing OFF on input line 4567.
Package hyperref Info: Implicit mode ON; LaTeX internals redefined.
Package hyperref Info: Bookmarks ON on input line 4800.
\c@Hy@tempcnt=\count286
 (/usr/share/texlive/texmf-dist/tex/latex/url/url.sty
\Urlmuskip=\muskip17
Package: url 2013/09/16  ver 3.4  Verb mode for urls, etc.
)
LaTeX Info: Redefining \url on input line 5159.
\XeTeXLinkMargin=\dimen172
 (/usr/share/texlive/texmf-dist/tex/generic/bitset/bitset.sty
Package: bitset 2019/12/09 v1.3 Handle bit-vector datatype (HO)
 (/usr/share/texlive/texmf-dist/tex/generic/bigintcalc/bigintcalc.sty
Package: bigintcalc 2019/12/15 v1.5 Expandable calculations on big integers (HO)
))
\Fld@menulength=\count287
\Field@Width=\dimen173
\Fld@charsize=\dimen174
Package hyperref Info: Hyper figures OFF on input line 6430.
Package hyperref Info: Link nesting OFF on input line 6435.
Package hyperref Info: Hyper index ON on input line 6438.
Package hyperref Info: backreferencing OFF on input line 6445.
Package hyperref Info: Link coloring ON on input line 6448.
Package hyperref Info: Link coloring with OCG OFF on input line 6455.
Package hyperref Info: PDF/A mode OFF on input line 6460.
LaTeX Info: Redefining \ref on input line 6500.
LaTeX Info: Redefining \pageref on input line 6504.
 (/usr/share/texlive/texmf-dist/tex/generic/atbegshi/atbegshi.sty
Package: atbegshi 2019/12/05 v1.19 At begin shipout hook (HO)
)
\Hy@abspage=\count288
\c@Item=\count289
\c@Hfootnote=\count290
)
Package hyperref Info: Driver (autodetected): hpdftex.
 (/usr/share/texlive/texmf-dist/tex/latex/hyperref/hpdftex.def
File: hpdftex.def 2020/01/14 v7.00d Hyperref driver for pdfTeX
 (/usr/share/texlive/texmf-dist/tex/latex/atveryend/atveryend.sty
Package: atveryend 2019-12-11 v1.11 Hooks at the very end of document (HO)
Package atveryend Info: \enddocument detected (standard20110627).
)
\Fld@listcount=\count291
\c@bookmark@seq@number=\count292
 (/usr/share/texlive/texmf-dist/tex/latex/rerunfilecheck/rerunfilecheck.sty
Package: rerunfilecheck 2019/12/05 v1.9 Rerun checks for auxiliary files (HO)
 (/usr/share/texlive/texmf-dist/tex/generic/uniquecounter/uniquecounter.sty
Package: uniquecounter 2019/12/15 v1.4 Provide unlimited unique counter (HO)
)
Package uniquecounter Info: New unique counter `rerunfilecheck' on input line 286.
)
\Hy@SectionHShift=\skip63
) (/usr/share/texlive/texmf-dist/tex/latex/fancyhdr/fancyhdr.sty
Package: fancyhdr 2019/01/31 v3.10 Extensive control of page headers and footers
\f@nch@headwidth=\skip64
\f@nch@O@elh=\skip65
\f@nch@O@erh=\skip66
\f@nch@O@olh=\skip67
\f@nch@O@orh=\skip68
\f@nch@O@elf=\skip69
\f@nch@O@erf=\skip70
\f@nch@O@olf=\skip71
\f@nch@O@orf=\skip72
) (/usr/share/texlive/texmf-dist/tex/latex/ragged2e/ragged2e.sty
Package: ragged2e 2019/07/28 v2.2 ragged2e Package (MS)
 (/usr/share/texlive/texmf-dist/tex/latex/ms/everysel.sty
Package: everysel 2011/10/28 v1.2 EverySelectfont Package (MS)
)
\CenteringLeftskip=\skip73
\RaggedLeftLeftskip=\skip74
\RaggedRightLeftskip=\skip75
\CenteringRightskip=\skip76
\RaggedLeftRightskip=\skip77
\RaggedRightRightskip=\skip78
\CenteringParfillskip=\skip79
\RaggedLeftParfillskip=\skip80
\RaggedRightParfillskip=\skip81
\JustifyingParfillskip=\skip82
\CenteringParindent=\skip83
\RaggedLeftParindent=\skip84
\RaggedRightParindent=\skip85
\JustifyingParindent=\skip86
) (/usr/share/texlive/texmf-dist/tex/generic/ulem/ulem.sty
\UL@box=\box96
\UL@hyphenbox=\box97
\UL@skip=\skip87
\UL@hook=\toks33
\UL@height=\dimen175
\UL@pe=\count293
\UL@pixel=\dimen176
\ULC@box=\box98
Package: ulem 2019/11/18
\ULdepth=\dimen177
) (/usr/share/texlive/texmf-dist/tex/latex/listings/lstlang1.sty
File: lstlang1.sty 2019/09/10 1.8c listings language file
) (/usr/share/texlive/texmf-dist/tex/latex/listings/lstmisc.sty
File: lstmisc.sty 2019/09/10 1.8c (Carsten Heinz)
) (/usr/share/texlive/texmf-dist/tex/latex/l3backend/l3backend-pdfmode.def
File: l3backend-pdfmode.def 2020-02-03 L3 backend support: PDF mode
\l__kernel_color_stack_int=\count294
\l__pdf_internal_box=\box99
) (/home/jasony/Repositories/schoolRepos/school/Y2S2/CS2106/cs2106-cheatsheet.aux)
\openout1 = `cs2106-cheatsheet.aux'.

LaTeX Font Info:    Checking defaults for OML/cmm/m/it on input line 73.
LaTeX Font Info:    ... okay on input line 73.
LaTeX Font Info:    Checking defaults for OMS/cmsy/m/n on input line 73.
LaTeX Font Info:    ... okay on input line 73.
LaTeX Font Info:    Checking defaults for OT1/cmr/m/n on input line 73.
LaTeX Font Info:    ... okay on input line 73.
LaTeX Font Info:    Checking defaults for T1/cmr/m/n on input line 73.
LaTeX Font Info:    ... okay on input line 73.
LaTeX Font Info:    Checking defaults for TS1/cmr/m/n on input line 73.
LaTeX Font Info:    ... okay on input line 73.
LaTeX Font Info:    Checking defaults for OMX/cmex/m/n on input line 73.
LaTeX Font Info:    ... okay on input line 73.
LaTeX Font Info:    Checking defaults for U/cmr/m/n on input line 73.
LaTeX Font Info:    ... okay on input line 73.
LaTeX Font Info:    Checking defaults for PD1/pdf/m/n on input line 73.
LaTeX Font Info:    ... okay on input line 73.
 (/usr/share/texlive/texmf-dist/tex/context/base/mkii/supp-pdf.mkii
[Loading MPS to PDF converter (version 2006.09.02).]
\scratchcounter=\count295
\scratchdimen=\dimen178
\scratchbox=\box100
\nofMPsegments=\count296
\nofMParguments=\count297
\everyMPshowfont=\toks34
\MPscratchCnt=\count298
\MPscratchDim=\dimen179
\MPnumerator=\count299
\makeMPintoPDFobject=\count300
\everyMPtoPDFconversion=\toks35
) (/usr/share/texlive/texmf-dist/tex/latex/epstopdf-pkg/epstopdf-base.sty
Package: epstopdf-base 2020-01-24 v2.11 Base part for package epstopdf
Package epstopdf-base Info: Redefining graphics rule for `.eps' on input line 485.
 (/usr/share/texlive/texmf-dist/tex/latex/latexconfig/epstopdf-sys.cfg
File: epstopdf-sys.cfg 2010/07/13 v1.3 Configuration of (r)epstopdf for TeX Live
))
\c@lstlisting=\count301

*geometry* driver: auto-detecting
*geometry* detected driver: pdftex
*geometry* verbose mode - [ preamble ] result:
* driver: pdftex
* paper: <default>
* layout: <same size as paper>
* layoutoffset:(h,v)=(0.0pt,0.0pt)
* modes: landscape 
* h-part:(L,W,R)=(18.06749pt, 758.835pt, 18.06749pt)
* v-part:(T,H,B)=(18.06749pt, 578.16002pt, 18.06749pt)
* \paperwidth=794.96999pt
* \paperheight=614.295pt
* \textwidth=758.835pt
* \textheight=578.16002pt
* \oddsidemargin=-54.2025pt
* \evensidemargin=-54.2025pt
* \topmargin=-91.2025pt
* \headheight=12.0pt
* \headsep=25.0pt
* \topskip=10.0pt
* \footskip=30.0pt
* \marginparwidth=144.0pt
* \marginparsep=11.0pt
* \columnsep=10.0pt
* \skip\footins=9.0pt plus 4.0pt minus 2.0pt
* \hoffset=0.0pt
* \voffset=0.0pt
* \mag=1000
* \@twocolumnfalse
* \@twosidefalse
* \@mparswitchfalse
* \@reversemarginfalse
* (1in=72.27pt=25.4mm, 1cm=28.453pt)

\AtBeginShipoutBox=\box101
Package hyperref Info: Link coloring ON on input line 73.
(/usr/share/texlive/texmf-dist/tex/latex/hyperref/nameref.sty
Package: nameref 2019/09/16 v2.46 Cross-referencing by name of section
 (/usr/share/texlive/texmf-dist/tex/latex/refcount/refcount.sty
Package: refcount 2019/12/15 v3.6 Data extraction from label references (HO)
) (/usr/share/texlive/texmf-dist/tex/generic/gettitlestring/gettitlestring.sty
Package: gettitlestring 2019/12/15 v1.6 Cleanup title references (HO)
)
\c@section@level=\count302
)
LaTeX Info: Redefining \ref on input line 73.
LaTeX Info: Redefining \pageref on input line 73.
LaTeX Info: Redefining \nameref on input line 73.
 (/home/jasony/Repositories/schoolRepos/school/Y2S2/CS2106/cs2106-cheatsheet.out) (/home/jasony/Repositories/schoolRepos/school/Y2S2/CS2106/cs2106-cheatsheet.out)
\@outlinefile=\write4
\openout4 = `cs2106-cheatsheet.out'.

 ABD: EverySelectfont initializing macros
LaTeX Info: Redefining \selectfont on input line 73.
LaTeX Font Info:    Trying to load font information for U+msa on input line 90.
 (/usr/share/texlive/texmf-dist/tex/latex/amsfonts/umsa.fd
File: umsa.fd 2013/01/14 v3.01 AMS symbols A
)
LaTeX Font Info:    Trying to load font information for U+msb on input line 90.
 (/usr/share/texlive/texmf-dist/tex/latex/amsfonts/umsb.fd
File: umsb.fd 2013/01/14 v3.01 AMS symbols B
)
<images/generic_os.png, id=105, 562.1pt x 373.395pt>
File: images/generic_os.png Graphic file (type png)
<use images/generic_os.png>
Package pdftex.def Info: images/generic_os.png  used on input line 98.
(pdftex.def)             Requested size: 224.83601pt x 149.35535pt.
<images/stackframe.png, id=107, 620.81938pt x 385.94188pt>
File: images/stackframe.png Graphic file (type png)
<use images/stackframe.png>
Package pdftex.def Info: images/stackframe.png  used on input line 179.
(pdftex.def)             Requested size: 180.033pt x 111.92027pt.
<images/transitions.png, id=108, 422.07687pt x 218.31563pt>
File: images/transitions.png Graphic file (type png)
<use images/transitions.png>
Package pdftex.def Info: images/transitions.png  used on input line 197.
(pdftex.def)             Requested size: 241.85506pt x 85.35594pt.
<images/processtable.png, id=110, 283.0575pt x 212.795pt>
File: images/processtable.png Graphic file (type png)
<use images/processtable.png>
Package pdftex.def Info: images/processtable.png  used on input line 208.
(pdftex.def)             Requested size: 119.50096pt x 93.89633pt.
<images/contextswitch.png, id=111, 414.04688pt x 342.27875pt>
File: images/contextswitch.png Graphic file (type png)
<use images/contextswitch.png>
Package pdftex.def Info: images/contextswitch.png  used on input line 209.
(pdftex.def)             Requested size: 119.5019pt x 93.89452pt.
 [1

{/var/lib/texmf/fonts/map/pdftex/updmap/pdftex.map} </home/jasony/Repositories/schoolRepos/school/Y2S2/CS2106/images/transitions.png> </home/jasony/Repositories/schoolRepos/school/Y2S2/CS2106/images/generic_os.png> </home/jasony/Repositories/schoolRepos/school/Y2S2/CS2106/images/stackframe.png> </home/jasony/Repositories/schoolRepos/school/Y2S2/CS2106/images/processtable.png> </home/jasony/Repositories/schoolRepos/school/Y2S2/CS2106/images/contextswitch.png>]
<images/masterprogram.png, id=159, 430.60875pt x 287.57437pt>
File: images/masterprogram.png Graphic file (type png)
<use images/masterprogram.png>
Package pdftex.def Info: images/masterprogram.png  used on input line 371.
(pdftex.def)             Requested size: 119.49861pt x 85.35588pt.
<images/masterprogram2.png, id=161, 438.63875pt x 215.30438pt>
File: images/masterprogram2.png Graphic file (type png)
<use images/masterprogram2.png>
Package pdftex.def Info: images/masterprogram2.png  used on input line 372.
(pdftex.def)             Requested size: 119.49823pt x 85.35803pt.
<images/workerprogram.png, id=163, 525.965pt x 288.07625pt>
File: images/workerprogram.png Graphic file (type png)
<use images/workerprogram.png>
Package pdftex.def Info: images/workerprogram.png  used on input line 375.
(pdftex.def)             Requested size: 199.17055pt x 85.35977pt.
<images/sharedmemmessagepass.png, id=165, 592.2125pt x 376.40625pt>
File: images/sharedmemmessagepass.png Graphic file (type png)
<use images/sharedmemmessagepass.png>
Package pdftex.def Info: images/sharedmemmessagepass.png  used on input line 426.
(pdftex.def)             Requested size: 213.39513pt x 113.81297pt.
<images/pipe.png, id=167, 557.58313pt x 339.2675pt>
File: images/pipe.png Graphic file (type png)
<use images/pipe.png>
Package pdftex.def Info: images/pipe.png  used on input line 434.
(pdftex.def)             Requested size: 241.84904pt x 113.80673pt.
 [2 </home/jasony/Repositories/schoolRepos/school/Y2S2/CS2106/images/masterprogram.png> </home/jasony/Repositories/schoolRepos/school/Y2S2/CS2106/images/masterprogram2.png> </home/jasony/Repositories/schoolRepos/school/Y2S2/CS2106/images/workerprogram.png> </home/jasony/Repositories/schoolRepos/school/Y2S2/CS2106/images/sharedmemmessagepass.png> </home/jasony/Repositories/schoolRepos/school/Y2S2/CS2106/images/pipe.png>]
LaTeX Font Info:    Trying to load font information for OMS+cmr on input line 623.
 (/usr/share/texlive/texmf-dist/tex/latex/base/omscmr.fd
File: omscmr.fd 2019/12/16 v2.5j Standard LaTeX font definitions
)
LaTeX Font Info:    Font shape `OMS/cmr/m/n' in size <8> not available
(Font)              Font shape `OMS/cmsy/m/n' tried instead on input line 623.
<images/schedulingtable.jpg, id=218, 1284.8pt x 655.44875pt>
File: images/schedulingtable.jpg Graphic file (type jpg)
<use images/schedulingtable.jpg>
Package pdftex.def Info: images/schedulingtable.jpg  used on input line 655.
(pdftex.def)             Requested size: 227.60759pt x 142.25891pt.
 [3]
\openout3 = `cs2106-cheatsheet-1.cpt'.

 (/home/jasony/Repositories/schoolRepos/school/Y2S2/CS2106/cs2106-cheatsheet-1.cpt) [4 </home/jasony/Repositories/schoolRepos/school/Y2S2/CS2106/images/schedulingtable.jpg>]

Package hyperref Warning: Token not allowed in a PDF string (PDFDocEncoding):
(hyperref)                removing `math shift' on input line 958.


Package hyperref Warning: Token not allowed in a PDF string (PDFDocEncoding):
(hyperref)                removing `\@@underline' on input line 958.


Package hyperref Warning: Token not allowed in a PDF string (PDFDocEncoding):
(hyperref)                removing `\hbox' on input line 958.


Package hyperref Warning: Token not allowed in a PDF string (PDFDocEncoding):
(hyperref)                removing `\mathsurround' on input line 958.


Package hyperref Warning: Token not allowed in a PDF string (PDFDocEncoding):
(hyperref)                removing `\z@' on input line 958.


Package hyperref Warning: Token not allowed in a PDF string (PDFDocEncoding):
(hyperref)                removing `math shift' on input line 958.

<images/tanenbaum1.png, id=323, 239.39438pt x 328.72812pt>
File: images/tanenbaum1.png Graphic file (type png)
<use images/tanenbaum1.png>
Package pdftex.def Info: images/tanenbaum1.png  used on input line 1028.
(pdftex.def)             Requested size: 113.81213pt x 128.03792pt.
<images/tanenbaum2.png, id=325, 303.1325pt x 322.20375pt>
File: images/tanenbaum2.png Graphic file (type png)
<use images/tanenbaum2.png>
Package pdftex.def Info: images/tanenbaum2.png  used on input line 1029.
(pdftex.def)             Requested size: 128.03635pt x 128.04341pt.

Overfull \hbox (5.89719pt too wide) in paragraph at lines 1028--1030
[]  
 []

<images/tanenbaum3.png, id=327, 238.39063pt x 304.63812pt>
File: images/tanenbaum3.png Graphic file (type png)
<use images/tanenbaum3.png>
Package pdftex.def Info: images/tanenbaum3.png  used on input line 1032.
(pdftex.def)             Requested size: 113.81145pt x 128.0401pt.

Package hyperref Warning: Token not allowed in a PDF string (PDFDocEncoding):
(hyperref)                removing `math shift' on input line 1041.


Package hyperref Warning: Token not allowed in a PDF string (PDFDocEncoding):
(hyperref)                removing `\@@underline' on input line 1041.


Package hyperref Warning: Token not allowed in a PDF string (PDFDocEncoding):
(hyperref)                removing `\hbox' on input line 1041.


Package hyperref Warning: Token not allowed in a PDF string (PDFDocEncoding):
(hyperref)                removing `\mathsurround' on input line 1041.


Package hyperref Warning: Token not allowed in a PDF string (PDFDocEncoding):
(hyperref)                removing `\z@' on input line 1041.


Package hyperref Warning: Token not allowed in a PDF string (PDFDocEncoding):
(hyperref)                removing `math shift' on input line 1041.

[5 </home/jasony/Repositories/schoolRepos/school/Y2S2/CS2106/images/tanenbaum1.png> </home/jasony/Repositories/schoolRepos/school/Y2S2/CS2106/images/tanenbaum2.png> </home/jasony/Repositories/schoolRepos/school/Y2S2/CS2106/images/tanenbaum3.png>]
<images/multifreelists.png, id=387, 317.68687pt x 169.13188pt>
File: images/multifreelists.png Graphic file (type png)
<use images/multifreelists.png>
Package pdftex.def Info: images/multifreelists.png  used on input line 1111.
(pdftex.def)             Requested size: 119.50069pt x 36.98718pt.


Package hyperref Warning: Token not allowed in a PDF string (PDFDocEncoding):
(hyperref)                removing `math shift' on input line 1136.


Package hyperref Warning: Token not allowed in a PDF string (PDFDocEncoding):
(hyperref)                removing `\@@underline' on input line 1136.


Package hyperref Warning: Token not allowed in a PDF string (PDFDocEncoding):
(hyperref)                removing `\hbox' on input line 1136.


Package hyperref Warning: Token not allowed in a PDF string (PDFDocEncoding):
(hyperref)                removing `\mathsurround' on input line 1136.


Package hyperref Warning: Token not allowed in a PDF string (PDFDocEncoding):
(hyperref)                removing `\z@' on input line 1136.


Package hyperref Warning: Token not allowed in a PDF string (PDFDocEncoding):
(hyperref)                removing `math shift' on input line 1136.

<images/tlb.png, id=388, 319.69438pt x 206.7725pt>
File: images/tlb.png Graphic file (type png)
<use images/tlb.png>
Package pdftex.def Info: images/tlb.png  used on input line 1188.
(pdftex.def)             Requested size: 241.84827pt x 113.81355pt.

Overfull \hbox (22.57945pt too wide) detected at line 1196
[]
 []

<images/copyonwritepaging.png, id=389, 504.88625pt x 277.53688pt>
File: images/copyonwritepaging.png Graphic file (type png)
<use images/copyonwritepaging.png>
Package pdftex.def Info: images/copyonwritepaging.png  used on input line 1229.
(pdftex.def)             Requested size: 241.84958pt x 113.81203pt.
<images/segmentationpaging.png, id=390, 578.16pt x 309.155pt>
File: images/segmentationpaging.png Graphic file (type png)
<use images/segmentationpaging.png>
Package pdftex.def Info: images/segmentationpaging.png  used on input line 1269.
(pdftex.def)             Requested size: 241.8463pt x 113.81004pt.
<images/segmentationpaging2.png, id=391, 438.63875pt x 275.52937pt>
File: images/segmentationpaging2.png Graphic file (type png)
<use images/segmentationpaging2.png>
Package pdftex.def Info: images/segmentationpaging2.png  used on input line 1271.
(pdftex.def)             Requested size: 241.85443pt x 113.81282pt.
[6 </home/jasony/Repositories/schoolRepos/school/Y2S2/CS2106/images/multifreelists.png> </home/jasony/Repositories/schoolRepos/school/Y2S2/CS2106/images/tlb.png> </home/jasony/Repositories/schoolRepos/school/Y2S2/CS2106/images/copyonwritepaging.png> </home/jasony/Repositories/schoolRepos/school/Y2S2/CS2106/images/segmentationpaging.png>]

Package hyperref Warning: Token not allowed in a PDF string (PDFDocEncoding):
(hyperref)                removing `math shift' on input line 1273.


Package hyperref Warning: Token not allowed in a PDF string (PDFDocEncoding):
(hyperref)                removing `\@@underline' on input line 1273.


Package hyperref Warning: Token not allowed in a PDF string (PDFDocEncoding):
(hyperref)                removing `\hbox' on input line 1273.


Package hyperref Warning: Token not allowed in a PDF string (PDFDocEncoding):
(hyperref)                removing `\mathsurround' on input line 1273.


Package hyperref Warning: Token not allowed in a PDF string (PDFDocEncoding):
(hyperref)                removing `\z@' on input line 1273.


Package hyperref Warning: Token not allowed in a PDF string (PDFDocEncoding):
(hyperref)                removing `math shift' on input line 1273.

<images/2levelpaging.png, id=415, 577.15625pt x 363.3575pt>
File: images/2levelpaging.png Graphic file (type png)
<use images/2levelpaging.png>
Package pdftex.def Info: images/2levelpaging.png  used on input line 1352.
(pdftex.def)             Requested size: 119.49788pt x 85.35574pt.
<images/advantages2levelpaging.png, id=416, 614.79688pt x 358.84062pt>
File: images/advantages2levelpaging.png Graphic file (type png)
<use images/advantages2levelpaging.png>
Package pdftex.def Info: images/advantages2levelpaging.png  used on input line 1353.
(pdftex.def)             Requested size: 119.49559pt x 85.35693pt.
<images/hierarchicalpagetable.png, id=417, 805.50937pt x 405.515pt>
File: images/hierarchicalpagetable.png Graphic file (type png)
<use images/hierarchicalpagetable.png>
Package pdftex.def Info: images/hierarchicalpagetable.png  used on input line 1354.
(pdftex.def)             Requested size: 241.83904pt x 85.35866pt.
<images/invertedpagetable.png, id=418, 613.29124pt x 388.95313pt>
File: images/invertedpagetable.png Graphic file (type png)
<use images/invertedpagetable.png>
Package pdftex.def Info: images/invertedpagetable.png  used on input line 1388.
(pdftex.def)             Requested size: 241.84966pt x 85.3563pt.
[7 </home/jasony/Repositories/schoolRepos/school/Y2S2/CS2106/images/segmentationpaging2.png> </home/jasony/Repositories/schoolRepos/school/Y2S2/CS2106/images/2levelpaging.png> </home/jasony/Repositories/schoolRepos/school/Y2S2/CS2106/images/advantages2levelpaging.png> </home/jasony/Repositories/schoolRepos/school/Y2S2/CS2106/images/hierarchicalpagetable.png> </home/jasony/Repositories/schoolRepos/school/Y2S2/CS2106/images/invertedpagetable.png>]
<images/workingsetmodel2.png, id=449, 430.60875pt x 104.89188pt>
File: images/workingsetmodel2.png Graphic file (type png)
<use images/workingsetmodel2.png>
Package pdftex.def Info: images/workingsetmodel2.png  used on input line 1536.
(pdftex.def)             Requested size: 184.94789pt x 34.14226pt.
<images/fileoperations.png, id=450, 367.87437pt x 174.6525pt>
File: images/fileoperations.png Graphic file (type png)
<use images/fileoperations.png>
Package pdftex.def Info: images/fileoperations.png  used on input line 1618.
(pdftex.def)             Requested size: 241.85478pt x 113.81325pt.
<images/processsharingcase1.png, id=451, 241.40187pt x 93.34875pt>
File: images/processsharingcase1.png Graphic file (type png)
<use images/processsharingcase1.png>
Package pdftex.def Info: images/processsharingcase1.png  used on input line 1626.
(pdftex.def)             Requested size: 119.49982pt x 56.90561pt.
<images/processsharingcase2.png, id=452, 232.36812pt x 102.3825pt>
File: images/processsharingcase2.png Graphic file (type png)
<use images/processsharingcase2.png>
Package pdftex.def Info: images/processsharingcase2.png  used on input line 1627.
(pdftex.def)             Requested size: 119.49895pt x 56.90732pt.
\openout3 = `cs2106-cheatsheet-2.cpt'.

 (/home/jasony/Repositories/schoolRepos/school/Y2S2/CS2106/cs2106-cheatsheet-2.cpt)

Package hyperref Warning: Token not allowed in a PDF string (PDFDocEncoding):
(hyperref)                removing `\@ifnextchar' on input line 1644.

\openout3 = `cs2106-cheatsheet-3.cpt'.

(/home/jasony/Repositories/schoolRepos/school/Y2S2/CS2106/cs2106-cheatsheet-3.cpt)

Package hyperref Warning: Token not allowed in a PDF string (PDFDocEncoding):
(hyperref)                removing `\@ifnextchar' on input line 1659.

[8 </home/jasony/Repositories/schoolRepos/school/Y2S2/CS2106/images/workingsetmodel2.png> </home/jasony/Repositories/schoolRepos/school/Y2S2/CS2106/images/fileoperations.png> </home/jasony/Repositories/schoolRepos/school/Y2S2/CS2106/images/processsharingcase1.png> </home/jasony/Repositories/schoolRepos/school/Y2S2/CS2106/images/processsharingcase2.png>]
<images/genericdiskorg.png, id=477, 250.43562pt x 131.49126pt>
File: images/genericdiskorg.png Graphic file (type png)
<use images/genericdiskorg.png>
Package pdftex.def Info: images/genericdiskorg.png  used on input line 1672.
(pdftex.def)             Requested size: 241.85991pt x 85.36195pt.
<images/contiguous.png, id=478, 125.46875pt x 185.19188pt>
File: images/contiguous.png Graphic file (type png)
<use images/contiguous.png>
Package pdftex.def Info: images/contiguous.png  used on input line 1692.
(pdftex.def)             Requested size: 51.21468pt x 62.59421pt.

Overfull \hbox (1.95976pt too wide) in paragraph at lines 1692--1693
[][] 
 []

<images/linkedlistfile.png, id=479, 120.95187pt x 182.6825pt>
File: images/linkedlistfile.png Graphic file (type png)
<use images/linkedlistfile.png>
Package pdftex.def Info: images/linkedlistfile.png  used on input line 1706.
(pdftex.def)             Requested size: 51.21469pt x 62.59624pt.

Overfull \hbox (1.95978pt too wide) in paragraph at lines 1706--1707
[][] 
 []

<images/fatallocation.png, id=480, 294.09875pt x 194.7275pt>
File: images/fatallocation.png Graphic file (type png)
<use images/fatallocation.png>
Package pdftex.def Info: images/fatallocation.png  used on input line 1721.
(pdftex.def)             Requested size: 128.03513pt x 99.58305pt.

Overfull \hbox (29.5253pt too wide) in paragraph at lines 1721--1722
[][] 
 []


Underfull \hbox (badness 5022) in paragraph at lines 1732--1733
\OT1/cmr/m/n/8 over-head, only in-dex
 []


Underfull \hbox (badness 5832) in paragraph at lines 1732--1733
\OT1/cmr/m/n/8 block of opened file
 []

<images/indexedallocation.png, id=481, 355.82938pt x 185.69376pt>
File: images/indexedallocation.png Graphic file (type png)
<use images/indexedallocation.png>
Package pdftex.def Info: images/indexedallocation.png  used on input line 1738.
(pdftex.def)             Requested size: 142.25864pt x 99.58743pt.

Overfull \hbox (36.36076pt too wide) in paragraph at lines 1738--1739
[][] 
 []

<images/linkedlistfree.png, id=482, 704.304pt x 409.749pt>
File: images/linkedlistfree.png Graphic file (type png)
<use images/linkedlistfree.png>
Package pdftex.def Info: images/linkedlistfree.png  used on input line 1774.
(pdftex.def)             Requested size: 99.57983pt x 56.9018pt.

Overfull \hbox (42.93687pt too wide) in paragraph at lines 1774--1775
[][] 
 []

<images/microsoftfat.png, id=483, 655.905pt x 254.916pt>
File: images/microsoftfat.png Graphic file (type png)
<use images/microsoftfat.png>
Package pdftex.def Info: images/microsoftfat.png  used on input line 1812.
(pdftex.def)             Requested size: 241.85036pt x 65.4403pt.
<images/fatdirectory.png, id=484, 663.132pt x 387.849pt>
File: images/fatdirectory.png Graphic file (type png)
<use images/fatdirectory.png>
Package pdftex.def Info: images/fatdirectory.png  used on input line 1823.
(pdftex.def)             Requested size: 119.50026pt x 71.12953pt.
<images/fatfs.png, id=485, 651.525pt x 450.264pt>
File: images/fatfs.png Graphic file (type png)
<use images/fatfs.png>
Package pdftex.def Info: images/fatfs.png  used on input line 1824.
(pdftex.def)             Requested size: 119.49632pt x 71.12993pt.
<images/ext2layout.png, id=486, 656.343pt x 389.163pt>
File: images/ext2layout.png Graphic file (type png)
<use images/ext2layout.png>
Package pdftex.def Info: images/ext2layout.png  used on input line 1838.
(pdftex.def)             Requested size: 241.85162pt x 85.35484pt.
[9 </home/jasony/Repositories/schoolRepos/school/Y2S2/CS2106/images/genericdiskorg.png> </home/jasony/Repositories/schoolRepos/school/Y2S2/CS2106/images/contiguous.png> </home/jasony/Repositories/schoolRepos/school/Y2S2/CS2106/images/linkedlistfile.png> </home/jasony/Repositories/schoolRepos/school/Y2S2/CS2106/images/fatallocation.png> </home/jasony/Repositories/schoolRepos/school/Y2S2/CS2106/images/indexedallocation.png> </home/jasony/Repositories/schoolRepos/school/Y2S2/CS2106/images/linkedlistfree.png> </home/jasony/Repositories/schoolRepos/school/Y2S2/CS2106/images/microsoftfat.png> </home/jasony/Repositories/schoolRepos/school/Y2S2/CS2106/images/fatdirectory.png> </home/jasony/Repositories/schoolRepos/school/Y2S2/CS2106/images/fatfs.png>]
<images/inodestructure.png, id=518, 683.28pt x 416.757pt>
File: images/inodestructure.png Graphic file (type png)
<use images/inodestructure.png>
Package pdftex.def Info: images/inodestructure.png  used on input line 1849.
(pdftex.def)             Requested size: 213.39935pt x 85.35942pt.
<images/ext2dir.png, id=519, 631.815pt x 77.745pt>
File: images/ext2dir.png Graphic file (type png)
<use images/ext2dir.png>
Package pdftex.def Info: images/ext2dir.png  used on input line 1868.
(pdftex.def)             Requested size: 227.61711pt x 19.91664pt.
<images/ititimequantum.png, id=520, 429.605pt x 271.51437pt>
File: images/ititimequantum.png Graphic file (type png)
<use images/ititimequantum.png>
Package pdftex.def Info: images/ititimequantum.png  used on input line 1932.
(pdftex.def)             Requested size: 216.24411pt x 85.3576pt.
<images/mlfqscheduling.png, id=522, 654.94687pt x 331.2375pt>
File: images/mlfqscheduling.png Graphic file (type png)
<use images/mlfqscheduling.png>
Package pdftex.def Info: images/mlfqscheduling.png  used on input line 1944.
(pdftex.def)             Requested size: 216.24307pt x 85.35652pt.
 [10 </home/jasony/Repositories/schoolRepos/school/Y2S2/CS2106/images/ititimequantum.png> </home/jasony/Repositories/schoolRepos/school/Y2S2/CS2106/images/mlfqscheduling.png> </home/jasony/Repositories/schoolRepos/school/Y2S2/CS2106/images/ext2layout.png> </home/jasony/Repositories/schoolRepos/school/Y2S2/CS2106/images/inodestructure.png> </home/jasony/Repositories/schoolRepos/school/Y2S2/CS2106/images/ext2dir.png>]
Package atveryend Info: Empty hook `BeforeClearDocument' on input line 2006.
Package atveryend Info: Empty hook `AfterLastShipout' on input line 2006.
 (/home/jasony/Repositories/schoolRepos/school/Y2S2/CS2106/cs2106-cheatsheet.aux)
Package atveryend Info: Executing hook `AtVeryEndDocument' on input line 2006.
Package atveryend Info: Executing hook `AtEndAfterFileList' on input line 2006.
Package rerunfilecheck Info: File `cs2106-cheatsheet.out' has not changed.
(rerunfilecheck)             Checksum: F1F5F83405B6F0FFE08E36A0ABAF82E8;1616.
Package atveryend Info: Empty hook `AtVeryVeryEnd' on input line 2006.
 ) 
Here is how much of TeX's memory you used:
 10489 strings out of 481239
 154841 string characters out of 5920377
 765680 words of memory out of 5000000
 25187 multiletter control sequences out of 15000+600000
 541623 words of font info for 61 fonts, out of 8000000 for 9000
 1141 hyphenation exceptions out of 8191
 34i,6n,51p,440b,975s stack positions out of 5000i,500n,10000p,200000b,80000s
{/usr/share/texmf/fonts/enc/dvips/cm-super/cm-super-ts1.enc}</usr/share/texlive/texmf-dist/fonts/type1/public/amsfonts/cm/cmbx10.pfb></usr/share/texlive/texmf-dist/fonts/type1/public/amsfonts/cm/cmbx8.pfb></usr/share/texlive/texmf-dist/fonts/type1/public/amsfonts/cm/cmbx9.pfb></usr/share/texlive/texmf-dist/fonts/type1/public/amsfonts/cm/cmbxti10.pfb></usr/share/texlive/texmf-dist/fonts/type1/public/amsfonts/cm/cmmi5.pfb></usr/share/texlive/texmf-dist/fonts/type1/public/amsfonts/cm/cmmi6.pfb></usr/share/texlive/texmf-dist/fonts/type1/public/amsfonts/cm/cmmi7.pfb></usr/share/texlive/texmf-dist/fonts/type1/public/amsfonts/cm/cmmi8.pfb></usr/share/texlive/texmf-dist/fonts/type1/public/amsfonts/cm/cmr6.pfb></usr/share/texlive/texmf-dist/fonts/type1/public/amsfonts/cm/cmr7.pfb></usr/share/texlive/texmf-dist/fonts/type1/public/amsfonts/cm/cmr8.pfb></usr/share/texlive/texmf-dist/fonts/type1/public/amsfonts/cm/cmsy6.pfb></usr/share/texlive/texmf-dist/fonts/type1/public/amsfonts/cm/cmsy7.pfb></usr/share/texlive/texmf-dist/fonts/type1/public/amsfonts/cm/cmsy8.pfb></usr/share/texlive/texmf-dist/fonts/type1/public/amsfonts/cm/cmti8.pfb></usr/share/texlive/texmf-dist/fonts/type1/public/amsfonts/cm/cmtt8.pfb></usr/share/texlive/texmf-dist/fonts/type1/public/amsfonts/cm/cmtt9.pfb></usr/share/texmf/fonts/type1/public/cm-super/sfrm0800.pfb>
Output written on /home/jasony/Repositories/schoolRepos/school/Y2S2/CS2106/cs2106-cheatsheet.pdf (10 pages, 4308359 bytes).
PDF statistics:
 685 PDF objects out of 1000 (max. 8388607)
 556 compressed objects within 6 object streams
 319 named destinations out of 1000 (max. 500000)
 478 words of extra memory for PDF output out of 10000 (max. 10000000)

